Using pre-set license
Built from '2021.3/staging' branch; Version is '2021.3.26f1 (a16dc32e0ff2) revision 10579395'; Using compiler version '192829333'; Build Type 'Release'
OS: 'Windows 11  (10.0.22621) 64bit Professional' Language: 'en' Physical Memory: 31898 MB
BatchMode: 1, IsHumanControllingUs: 0, StartBugReporterOnCrash: 0, Is64bit: 1, IsPro: 1

COMMAND LINE ARGUMENTS:
C:\Program Files\Unity\Hub\Editor\2021.3.26f1\Editor\Unity.exe
-adb2
-batchMode
-noUpm
-name
AssetImportWorker2
-projectPath
C:/AGJ/AGJ
-logFile
Logs/AssetImportWorker2.log
-srvPort
50590
Successfully changed project path to: C:/AGJ/AGJ
C:/AGJ/AGJ
[UnityMemory] Configuration Parameters - Can be set up in boot.config
    "memorysetup-bucket-allocator-granularity=16"
    "memorysetup-bucket-allocator-bucket-count=8"
    "memorysetup-bucket-allocator-block-size=33554432"
    "memorysetup-bucket-allocator-block-count=8"
    "memorysetup-main-allocator-block-size=16777216"
    "memorysetup-thread-allocator-block-size=16777216"
    "memorysetup-gfx-main-allocator-block-size=16777216"
    "memorysetup-gfx-thread-allocator-block-size=16777216"
    "memorysetup-cache-allocator-block-size=4194304"
    "memorysetup-typetree-allocator-block-size=2097152"
    "memorysetup-profiler-bucket-allocator-granularity=16"
    "memorysetup-profiler-bucket-allocator-bucket-count=8"
    "memorysetup-profiler-bucket-allocator-block-size=33554432"
    "memorysetup-profiler-bucket-allocator-block-count=8"
    "memorysetup-profiler-allocator-block-size=16777216"
    "memorysetup-profiler-editor-allocator-block-size=1048576"
    "memorysetup-temp-allocator-size-main=16777216"
    "memorysetup-job-temp-allocator-block-size=2097152"
    "memorysetup-job-temp-allocator-block-size-background=1048576"
    "memorysetup-job-temp-allocator-reduction-small-platforms=262144"
    "memorysetup-temp-allocator-size-background-worker=32768"
    "memorysetup-temp-allocator-size-job-worker=262144"
    "memorysetup-temp-allocator-size-preload-manager=33554432"
    "memorysetup-temp-allocator-size-nav-mesh-worker=65536"
    "memorysetup-temp-allocator-size-audio-worker=65536"
    "memorysetup-temp-allocator-size-cloud-worker=32768"
    "memorysetup-temp-allocator-size-gi-baking-worker=262144"
    "memorysetup-temp-allocator-size-gfx=262144"
Player connection [9256] Host "[IP] 192.168.0.182 [Port] 0 [Flags] 2 [Guid] 1510748994 [EditorId] 1510748994 [Version] 1048832 [Id] WindowsEditor(7,DESKTOP-80LS7DC) [Debug] 1 [PackageName] WindowsEditor [ProjectName] Editor" joined multi-casting on [225.0.0.222:54997]...

Player connection [9256] Host "[IP] 192.168.0.182 [Port] 0 [Flags] 2 [Guid] 1510748994 [EditorId] 1510748994 [Version] 1048832 [Id] WindowsEditor(7,DESKTOP-80LS7DC) [Debug] 1 [PackageName] WindowsEditor [ProjectName] Editor" joined alternative multi-casting on [225.0.0.222:34997]...

Refreshing native plugins compatible for Editor in 123.13 ms, found 5 plugins.
Preloading 0 native plugins for Editor in 0.00 ms.
Initialize engine version: 2021.3.26f1 (a16dc32e0ff2)
[Subsystems] Discovering subsystems at path C:/Program Files/Unity/Hub/Editor/2021.3.26f1/Editor/Data/Resources/UnitySubsystems
[Subsystems] Discovering subsystems at path C:/AGJ/AGJ/Assets
GfxDevice: creating device client; threaded=0; jobified=0
d3d12: loaded!
Direct3D:
    Version:         Direct3D 12 [level 12.1]
    Renderer:        NVIDIA GeForce RTX 2060 (ID=0x1f08)
    Vendor:          NVIDIA
    VRAM:            5968 MB
    App VRAM Budget: 5200 MB
    Driver:          31.0.15.3598
d3d12: Profiler is enabled, but stable power state is not. GPU timing errors are expected.
Initialize mono
Mono path[0] = 'C:/Program Files/Unity/Hub/Editor/2021.3.26f1/Editor/Data/Managed'
Mono path[1] = 'C:/Program Files/Unity/Hub/Editor/2021.3.26f1/Editor/Data/MonoBleedingEdge/lib/mono/unityjit-win32'
Mono config path = 'C:/Program Files/Unity/Hub/Editor/2021.3.26f1/Editor/Data/MonoBleedingEdge/etc'
Using monoOptions --debugger-agent=transport=dt_socket,embedding=1,server=y,suspend=n,address=127.0.0.1:56144
Begin MonoManager ReloadAssembly
Registering precompiled unity dll's ...
Register platform support module: C:/Program Files/Unity/Hub/Editor/2021.3.26f1/Editor/Data/PlaybackEngines/WindowsStandaloneSupport/UnityEditor.WindowsStandalone.Extensions.dll
Registered in 0.003127 seconds.
Native extension for WindowsStandalone target not found
Refreshing native plugins compatible for Editor in 94.33 ms, found 5 plugins.
Preloading 0 native plugins for Editor in 0.00 ms.
Mono: successfully reloaded assembly
- Completed reload, in  0.445 seconds
Domain Reload Profiling:
	ReloadAssembly (446ms)
		BeginReloadAssembly (55ms)
			ExecutionOrderSort (0ms)
			DisableScriptedObjects (0ms)
			BackupInstance (0ms)
			ReleaseScriptingObjects (0ms)
			CreateAndSetChildDomain (0ms)
		EndReloadAssembly (331ms)
			LoadAssemblies (54ms)
			RebuildTransferFunctionScriptingTraits (0ms)
			SetupTypeCache (66ms)
			ReleaseScriptCaches (0ms)
			RebuildScriptCaches (14ms)
			SetupLoadedEditorAssemblies (216ms)
				LogAssemblyErrors (0ms)
				InitializePlatformSupportModulesInManaged (4ms)
				SetLoadedEditorAssemblies (0ms)
				RefreshPlugins (94ms)
				BeforeProcessingInitializeOnLoad (1ms)
				ProcessInitializeOnLoadAttributes (87ms)
				ProcessInitializeOnLoadMethodAttributes (30ms)
				AfterProcessingInitializeOnLoad (0ms)
				EditorAssembliesLoaded (0ms)
			ExecutionOrderSort2 (0ms)
			AwakeInstancesAfterBackupRestoration (0ms)
Platform modules already initialized, skipping
Registering precompiled user dll's ...
Registered in 0.006762 seconds.
Begin MonoManager ReloadAssembly
Symbol file LoadedFromMemory doesn't match image C:\AGJ\AGJ\Library\PackageCache\com.unity.visualscripting@1.8.0\Editor\VisualScripting.Core\Dependencies\DotNetZip\Unity.VisualScripting.IonicZip.dll
Symbol file LoadedFromMemory doesn't match image C:\AGJ\AGJ\Library\PackageCache\com.unity.visualscripting@1.8.0\Editor\VisualScripting.Core\Dependencies\YamlDotNet\Unity.VisualScripting.YamlDotNet.dll
Native extension for WindowsStandalone target not found
Refreshing native plugins compatible for Editor in 95.63 ms, found 5 plugins.
Preloading 0 native plugins for Editor in 0.00 ms.
Mono: successfully reloaded assembly
- Completed reload, in  1.157 seconds
Domain Reload Profiling:
	ReloadAssembly (1157ms)
		BeginReloadAssembly (89ms)
			ExecutionOrderSort (0ms)
			DisableScriptedObjects (4ms)
			BackupInstance (0ms)
			ReleaseScriptingObjects (0ms)
			CreateAndSetChildDomain (18ms)
		EndReloadAssembly (996ms)
			LoadAssemblies (76ms)
			RebuildTransferFunctionScriptingTraits (0ms)
			SetupTypeCache (242ms)
			ReleaseScriptCaches (1ms)
			RebuildScriptCaches (60ms)
			SetupLoadedEditorAssemblies (605ms)
				LogAssemblyErrors (0ms)
				InitializePlatformSupportModulesInManaged (2ms)
				SetLoadedEditorAssemblies (0ms)
				RefreshPlugins (96ms)
				BeforeProcessingInitializeOnLoad (82ms)
				ProcessInitializeOnLoadAttributes (297ms)
				ProcessInitializeOnLoadMethodAttributes (124ms)
				AfterProcessingInitializeOnLoad (4ms)
				EditorAssembliesLoaded (0ms)
			ExecutionOrderSort2 (0ms)
			AwakeInstancesAfterBackupRestoration (4ms)
Platform modules already initialized, skipping
========================================================================
Worker process is ready to serve import requests
Launched and connected shader compiler UnityShaderCompiler.exe after 0.03 seconds
Refreshing native plugins compatible for Editor in 1.07 ms, found 5 plugins.
Preloading 0 native plugins for Editor in 0.00 ms.
Unloading 7460 Unused Serialized files (Serialized files now loaded: 0)
Unloading 120 unused Assets / (4.3 MB). Loaded Objects now: 7862.
Memory consumption went from 359.2 MB to 355.0 MB.
Total: 4.343600 ms (FindLiveObjects: 0.449200 ms CreateObjectMapping: 0.286300 ms MarkObjects: 2.741600 ms  DeleteObjects: 0.865700 ms)

AssetImportParameters requested are different than current active one (requested -> active):
  custom:video-decoder-ogg-theora: a1e56fd34408186e4bbccfd4996cb3dc -> 
  custom:container-muxer-webm: aa71ff27fc2769a1b78a27578f13a17b -> 
  custom:container-demuxer-webm: 4f35f7cbe854078d1ac9338744f61a02 -> 
  custom:video-encoder-webm-vp8: eb34c28f22e8b96e1ab97ce403110664 -> 
  custom:video-codec-MediaFoundation-h265: 746d11721c4dcdbdad8f713fa42b33f4 -> 
  custom:audio-encoder-webm-vorbis: bf7c407c2cedff20999df2af8eb42d56 -> 
  custom:framework-win-MediaFoundation: 216162199b28c13a410421893ffa2e32 -> 
  custom:container-demuxer-ogg: 62fdf1f143b41e24485cea50d1cbac27 -> 
  custom:video-decoder-webm-vp8: 9c59270c3fd7afecdb556c50c9e8de78 -> 
  custom:audio-decoder-ogg-vorbis: bf7c407c2cedff20999df2af8eb42d56 -> 
========================================================================
Received Import Request.
  Time since last request: 163782.906908 seconds.
  path: Assets/Assets/ModularBuilding/FInal/Glass.mat
  artifactKey: Guid(d7b2afb26c744b04cb7d09e6b7ac4a1a) Importer(815301076,1909f56bfc062723c751e8b465ee728b)
Start importing Assets/Assets/ModularBuilding/FInal/Glass.mat using Guid(d7b2afb26c744b04cb7d09e6b7ac4a1a) Importer(815301076,1909f56bfc062723c751e8b465ee728b) Launched and connected shader compiler UnityShaderCompiler.exe after 0.04 seconds
Launched and connected shader compiler UnityShaderCompiler.exe after 0.04 seconds
Launched and connected shader compiler UnityShaderCompiler.exe after 0.04 seconds
Launched and connected shader compiler UnityShaderCompiler.exe after 0.08 seconds
Launched and connected shader compiler UnityShaderCompiler.exe after 0.40 seconds
Launched and connected shader compiler UnityShaderCompiler.exe after 0.44 seconds
Launched and connected shader compiler UnityShaderCompiler.exe after 0.67 seconds
Launched and connected shader compiler UnityShaderCompiler.exe after 0.75 seconds
Launched and connected shader compiler UnityShaderCompiler.exe after 0.99 seconds
Launched and connected shader compiler UnityShaderCompiler.exe after 0.98 seconds
Launched and connected shader compiler UnityShaderCompiler.exe after 1.39 seconds
 -> (artifact id: 'e72942455a71c7c69abdd6a49272fab7') in 35.962963 seconds 
========================================================================
Received Import Request.
  Time since last request: 1.317675 seconds.
  path: Assets/Assets/ModularBuilding/FInal/AFJ_Wall2.fbx
  artifactKey: Guid(ebcc41c6df189ca408535dab0cc54bf2) Importer(815301076,1909f56bfc062723c751e8b465ee728b)
Start importing Assets/Assets/ModularBuilding/FInal/AFJ_Wall2.fbx using Guid(ebcc41c6df189ca408535dab0cc54bf2) Importer(815301076,1909f56bfc062723c751e8b465ee728b) d3d12: upload buffer was full! Waited for COPY queue for 0.043 ms.
d3d12: upload buffer was full! Waited for COPY queue for 2.250 ms.
d3d12: upload buffer was full! Waited for COPY queue for 0.932 ms.
d3d12: upload buffer was full! Waited for COPY queue for 2.564 ms.
d3d12: upload buffer was full! Waited for COPY queue for 0.897 ms.
d3d12: upload buffer was full! Waited for COPY queue for 1.805 ms.
d3d12: upload buffer was full! Waited for COPY queue for 0.483 ms.
d3d12: upload buffer was full! Waited for COPY queue for 1.783 ms.
d3d12: upload buffer was full! Waited for COPY queue for 0.481 ms.
d3d12: upload buffer was full! Waited for COPY queue for 1.325 ms.
d3d12: upload buffer was full! Waited for COPY queue for 0.476 ms.
d3d12: upload buffer was full! Waited for COPY queue for 1.339 ms.
Error assigning CUBE texture to 2D texture property '_MainTex': Dimensions must match
UnityEngine.StackTraceUtility:ExtractStackTrace ()
UnityEngine.Rendering.ScriptableRenderContext:Internal_Cull (UnityEngine.Rendering.ScriptableCullingParameters&,UnityEngine.Rendering.ScriptableRenderContext,intptr)
UnityEngine.Rendering.ScriptableRenderContext:Cull (UnityEngine.Rendering.ScriptableCullingParameters&)
UnityEngine.Rendering.HighDefinition.HDRenderPipeline:TryCull (UnityEngine.Camera,UnityEngine.Rendering.HighDefinition.HDCamera,UnityEngine.Rendering.ScriptableRenderContext,UnityEngine.Rendering.HighDefinition.SkyManager,UnityEngine.Rendering.ScriptableCullingParameters,UnityEngine.Rendering.HighDefinition.HDRenderPipelineAsset,UnityEngine.Rendering.HighDefinition.HDRenderPipeline/HDCullingResults&) (at Library/PackageCache/com.unity.render-pipelines.high-definition@12.1.11/Runtime/RenderPipeline/HDRenderPipeline.cs:2477)
UnityEngine.Rendering.HighDefinition.HDRenderPipeline:Render (UnityEngine.Rendering.ScriptableRenderContext,System.Collections.Generic.List`1<UnityEngine.Camera>) (at Library/PackageCache/com.unity.render-pipelines.high-definition@12.1.11/Runtime/RenderPipeline/HDRenderPipeline.cs:1338)
UnityEngine.Rendering.RenderPipeline:InternalRender (UnityEngine.Rendering.ScriptableRenderContext,System.Collections.Generic.List`1<UnityEngine.Camera>)
UnityEngine.Rendering.RenderPipelineManager:DoRenderLoop_Internal (UnityEngine.Rendering.RenderPipelineAsset,intptr,System.Collections.Generic.List`1<UnityEngine.Camera/RenderRequest>,Unity.Collections.LowLevel.Unsafe.AtomicSafetyHandle)
UnityEditor.PreviewRenderUtility:Render (bool,bool)
UnityEditor.GameObjectInspector:DoRenderPreview ()
UnityEditor.GameObjectInspector:RenderStaticPreview (string,UnityEngine.Object[],int,int)
UnityEditor.AssetPreviewUpdater:CreatePreview (UnityEngine.Object,UnityEngine.Object[],string,int,int)
UnityEditor.AssetPreviewUpdater:CreatePreviewForAsset (UnityEngine.Object,UnityEngine.Object[],string)

[Library/PackageCache/com.unity.render-pipelines.high-definition@12.1.11/Runtime/RenderPipeline/HDRenderPipeline.cs line 2477]

Error assigning CUBE texture to 2D texture property '_BaseColorMap': Dimensions must match
UnityEngine.StackTraceUtility:ExtractStackTrace ()
UnityEngine.Rendering.ScriptableRenderContext:Internal_Cull (UnityEngine.Rendering.ScriptableCullingParameters&,UnityEngine.Rendering.ScriptableRenderContext,intptr)
UnityEngine.Rendering.ScriptableRenderContext:Cull (UnityEngine.Rendering.ScriptableCullingParameters&)
UnityEngine.Rendering.HighDefinition.HDRenderPipeline:TryCull (UnityEngine.Camera,UnityEngine.Rendering.HighDefinition.HDCamera,UnityEngine.Rendering.ScriptableRenderContext,UnityEngine.Rendering.HighDefinition.SkyManager,UnityEngine.Rendering.ScriptableCullingParameters,UnityEngine.Rendering.HighDefinition.HDRenderPipelineAsset,UnityEngine.Rendering.HighDefinition.HDRenderPipeline/HDCullingResults&) (at Library/PackageCache/com.unity.render-pipelines.high-definition@12.1.11/Runtime/RenderPipeline/HDRenderPipeline.cs:2477)
UnityEngine.Rendering.HighDefinition.HDRenderPipeline:Render (UnityEngine.Rendering.ScriptableRenderContext,System.Collections.Generic.List`1<UnityEngine.Camera>) (at Library/PackageCache/com.unity.render-pipelines.high-definition@12.1.11/Runtime/RenderPipeline/HDRenderPipeline.cs:1338)
UnityEngine.Rendering.RenderPipeline:InternalRender (UnityEngine.Rendering.ScriptableRenderContext,System.Collections.Generic.List`1<UnityEngine.Camera>)
UnityEngine.Rendering.RenderPipelineManager:DoRenderLoop_Internal (UnityEngine.Rendering.RenderPipelineAsset,intptr,System.Collections.Generic.List`1<UnityEngine.Camera/RenderRequest>,Unity.Collections.LowLevel.Unsafe.AtomicSafetyHandle)
UnityEditor.PreviewRenderUtility:Render (bool,bool)
UnityEditor.GameObjectInspector:DoRenderPreview ()
UnityEditor.GameObjectInspector:RenderStaticPreview (string,UnityEngine.Object[],int,int)
UnityEditor.AssetPreviewUpdater:CreatePreview (UnityEngine.Object,UnityEngine.Object[],string,int,int)
UnityEditor.AssetPreviewUpdater:CreatePreviewForAsset (UnityEngine.Object,UnityEngine.Object[],string)

[Library/PackageCache/com.unity.render-pipelines.high-definition@12.1.11/Runtime/RenderPipeline/HDRenderPipeline.cs line 2477]

Error assigning CUBE texture to 2D texture property '_MainTex': Dimensions must match
UnityEngine.StackTraceUtility:ExtractStackTrace ()
UnityEngine.Material:SetTexture (string,UnityEngine.Texture)
UnityEditor.Rendering.HighDefinition.BaseUnlitGUI:SetupMainTexForAlphaTestGI (UnityEngine.Material,string,string) (at Library/PackageCache/com.unity.render-pipelines.high-definition@12.1.11/Editor/Material/Unlit/BaseUnlitGUI.cs:283)
UnityEditor.Rendering.HighDefinition.BaseLitGUI:SetupBaseLitKeywords (UnityEngine.Material) (at Library/PackageCache/com.unity.render-pipelines.high-definition@12.1.11/Editor/Material/Lit/BaseLitGUI.cs:127)
UnityEditor.Rendering.HighDefinition.LitGUI:SetupLitKeywordsAndPass (UnityEngine.Material) (at Library/PackageCache/com.unity.render-pipelines.high-definition@12.1.11/Editor/Material/Lit/LitGUI.cs:81)
UnityEditor.Rendering.HighDefinition.LitGUI:ValidateMaterial (UnityEngine.Material) (at Library/PackageCache/com.unity.render-pipelines.high-definition@12.1.11/Editor/Material/Lit/LitGUI.cs:76)
UnityEditor.ShaderGUIUtility:ValidateMaterial (UnityEngine.Material)
UnityEngine.Rendering.ScriptableRenderContext:Internal_Cull (UnityEngine.Rendering.ScriptableCullingParameters&,UnityEngine.Rendering.ScriptableRenderContext,intptr)
UnityEngine.Rendering.ScriptableRenderContext:Cull (UnityEngine.Rendering.ScriptableCullingParameters&)
UnityEngine.Rendering.HighDefinition.HDRenderPipeline:TryCull (UnityEngine.Camera,UnityEngine.Rendering.HighDefinition.HDCamera,UnityEngine.Rendering.ScriptableRenderContext,UnityEngine.Rendering.HighDefinition.SkyManager,UnityEngine.Rendering.ScriptableCullingParameters,UnityEngine.Rendering.HighDefinition.HDRenderPipelineAsset,UnityEngine.Rendering.HighDefinition.HDRenderPipeline/HDCullingResults&) (at Library/PackageCache/com.unity.render-pipelines.high-definition@12.1.11/Runtime/RenderPipeline/HDRenderPipeline.cs:2477)
UnityEngine.Rendering.HighDefinition.HDRenderPipeline:Render (UnityEngine.Rendering.ScriptableRenderContext,System.Collections.Generic.List`1<UnityEngine.Camera>) (at Library/PackageCache/com.unity.render-pipelines.high-definition@12.1.11/Runtime/RenderPipeline/HDRenderPipeline.cs:1338)
UnityEngine.Rendering.RenderPipeline:InternalRender (UnityEngine.Rendering.ScriptableRenderContext,System.Collections.Generic.List`1<UnityEngine.Camera>)
UnityEngine.Rendering.RenderPipelineManager:DoRenderLoop_Internal (UnityEngine.Rendering.RenderPipelineAsset,intptr,System.Collections.Generic.List`1<UnityEngine.Camera/RenderRequest>,Unity.Collections.LowLevel.Unsafe.AtomicSafetyHandle)
UnityEditor.PreviewRenderUtility:Render (bool,bool)
UnityEditor.GameObjectInspector:DoRenderPreview ()
UnityEditor.GameObjectInspector:RenderStaticPreview (string,UnityEngine.Object[],int,int)
UnityEditor.AssetPreviewUpdater:CreatePreview (UnityEngine.Object,UnityEngine.Object[],string,int,int)
UnityEditor.AssetPreviewUpdater:CreatePreviewForAsset (UnityEngine.Object,UnityEngine.Object[],string)

[Library/PackageCache/com.unity.render-pipelines.high-definition@12.1.11/Editor/Material/Unlit/BaseUnlitGUI.cs line 283]

d3d12: upload buffer was full! Waited for COPY queue for 0.552 ms.
d3d12: upload buffer was full! Waited for COPY queue for 1.316 ms.
d3d12: upload buffer was full! Waited for COPY queue for 0.486 ms.
d3d12: upload buffer was full! Waited for COPY queue for 1.335 ms.
d3d12: upload buffer was full! Waited for COPY queue for 0.488 ms.
d3d12: upload buffer was full! Waited for COPY queue for 1.443 ms.
d3d12: upload buffer was full! Waited for COPY queue for 0.499 ms.
d3d12: upload buffer was full! Waited for COPY queue for 1.329 ms.
d3d12: upload buffer was full! Waited for COPY queue for 0.504 ms.
d3d12: upload buffer was full! Waited for COPY queue for 1.342 ms.
d3d12: upload buffer was full! Waited for COPY queue for 0.482 ms.
d3d12: upload buffer was full! Waited for COPY queue for 1.320 ms.
Error assigning CUBE texture to 2D texture property '_MainTex': Dimensions must match
UnityEngine.StackTraceUtility:ExtractStackTrace ()
UnityEngine.Rendering.ScriptableRenderContext:Internal_Cull (UnityEngine.Rendering.ScriptableCullingParameters&,UnityEngine.Rendering.ScriptableRenderContext,intptr)
UnityEngine.Rendering.ScriptableRenderContext:Cull (UnityEngine.Rendering.ScriptableCullingParameters&)
UnityEngine.Rendering.HighDefinition.HDRenderPipeline:TryCull (UnityEngine.Camera,UnityEngine.Rendering.HighDefinition.HDCamera,UnityEngine.Rendering.ScriptableRenderContext,UnityEngine.Rendering.HighDefinition.SkyManager,UnityEngine.Rendering.ScriptableCullingParameters,UnityEngine.Rendering.HighDefinition.HDRenderPipelineAsset,UnityEngine.Rendering.HighDefinition.HDRenderPipeline/HDCullingResults&) (at Library/PackageCache/com.unity.render-pipelines.high-definition@12.1.11/Runtime/RenderPipeline/HDRenderPipeline.cs:2477)
UnityEngine.Rendering.HighDefinition.HDRenderPipeline:Render (UnityEngine.Rendering.ScriptableRenderContext,System.Collections.Generic.List`1<UnityEngine.Camera>) (at Library/PackageCache/com.unity.render-pipelines.high-definition@12.1.11/Runtime/RenderPipeline/HDRenderPipeline.cs:1338)
UnityEngine.Rendering.RenderPipeline:InternalRender (UnityEngine.Rendering.ScriptableRenderContext,System.Collections.Generic.List`1<UnityEngine.Camera>)
UnityEngine.Rendering.RenderPipelineManager:DoRenderLoop_Internal (UnityEngine.Rendering.RenderPipelineAsset,intptr,System.Collections.Generic.List`1<UnityEngine.Camera/RenderRequest>,Unity.Collections.LowLevel.Unsafe.AtomicSafetyHandle)
UnityEditor.PreviewRenderUtility:Render (bool,bool)
UnityEditor.GameObjectInspector:DoRenderPreview ()
UnityEditor.GameObjectInspector:RenderStaticPreview (string,UnityEngine.Object[],int,int)
UnityEditor.AssetPreviewUpdater:CreatePreview (UnityEngine.Object,UnityEngine.Object[],string,int,int)
UnityEditor.AssetPreviewUpdater:CreatePreviewForAsset (UnityEngine.Object,UnityEngine.Object[],string)

[Library/PackageCache/com.unity.render-pipelines.high-definition@12.1.11/Runtime/RenderPipeline/HDRenderPipeline.cs line 2477]

Error assigning CUBE texture to 2D texture property '_BaseColorMap': Dimensions must match
UnityEngine.StackTraceUtility:ExtractStackTrace ()
UnityEngine.Rendering.ScriptableRenderContext:Internal_Cull (UnityEngine.Rendering.ScriptableCullingParameters&,UnityEngine.Rendering.ScriptableRenderContext,intptr)
UnityEngine.Rendering.ScriptableRenderContext:Cull (UnityEngine.Rendering.ScriptableCullingParameters&)
UnityEngine.Rendering.HighDefinition.HDRenderPipeline:TryCull (UnityEngine.Camera,UnityEngine.Rendering.HighDefinition.HDCamera,UnityEngine.Rendering.ScriptableRenderContext,UnityEngine.Rendering.HighDefinition.SkyManager,UnityEngine.Rendering.ScriptableCullingParameters,UnityEngine.Rendering.HighDefinition.HDRenderPipelineAsset,UnityEngine.Rendering.HighDefinition.HDRenderPipeline/HDCullingResults&) (at Library/PackageCache/com.unity.render-pipelines.high-definition@12.1.11/Runtime/RenderPipeline/HDRenderPipeline.cs:2477)
UnityEngine.Rendering.HighDefinition.HDRenderPipeline:Render (UnityEngine.Rendering.ScriptableRenderContext,System.Collections.Generic.List`1<UnityEngine.Camera>) (at Library/PackageCache/com.unity.render-pipelines.high-definition@12.1.11/Runtime/RenderPipeline/HDRenderPipeline.cs:1338)
UnityEngine.Rendering.RenderPipeline:InternalRender (UnityEngine.Rendering.ScriptableRenderContext,System.Collections.Generic.List`1<UnityEngine.Camera>)
UnityEngine.Rendering.RenderPipelineManager:DoRenderLoop_Internal (UnityEngine.Rendering.RenderPipelineAsset,intptr,System.Collections.Generic.List`1<UnityEngine.Camera/RenderRequest>,Unity.Collections.LowLevel.Unsafe.AtomicSafetyHandle)
UnityEditor.PreviewRenderUtility:Render (bool,bool)
UnityEditor.GameObjectInspector:DoRenderPreview ()
UnityEditor.GameObjectInspector:RenderStaticPreview (string,UnityEngine.Object[],int,int)
UnityEditor.AssetPreviewUpdater:CreatePreview (UnityEngine.Object,UnityEngine.Object[],string,int,int)
UnityEditor.AssetPreviewUpdater:CreatePreviewForAsset (UnityEngine.Object,UnityEngine.Object[],string)

[Library/PackageCache/com.unity.render-pipelines.high-definition@12.1.11/Runtime/RenderPipeline/HDRenderPipeline.cs line 2477]

Error assigning CUBE texture to 2D texture property '_MainTex': Dimensions must match
UnityEngine.StackTraceUtility:ExtractStackTrace ()
UnityEngine.Material:SetTexture (string,UnityEngine.Texture)
UnityEditor.Rendering.HighDefinition.BaseUnlitGUI:SetupMainTexForAlphaTestGI (UnityEngine.Material,string,string) (at Library/PackageCache/com.unity.render-pipelines.high-definition@12.1.11/Editor/Material/Unlit/BaseUnlitGUI.cs:283)
UnityEditor.Rendering.HighDefinition.BaseLitGUI:SetupBaseLitKeywords (UnityEngine.Material) (at Library/PackageCache/com.unity.render-pipelines.high-definition@12.1.11/Editor/Material/Lit/BaseLitGUI.cs:127)
UnityEditor.Rendering.HighDefinition.LitGUI:SetupLitKeywordsAndPass (UnityEngine.Material) (at Library/PackageCache/com.unity.render-pipelines.high-definition@12.1.11/Editor/Material/Lit/LitGUI.cs:81)
UnityEditor.Rendering.HighDefinition.LitGUI:ValidateMaterial (UnityEngine.Material) (at Library/PackageCache/com.unity.render-pipelines.high-definition@12.1.11/Editor/Material/Lit/LitGUI.cs:76)
UnityEditor.ShaderGUIUtility:ValidateMaterial (UnityEngine.Material)
UnityEngine.Rendering.ScriptableRenderContext:Internal_Cull (UnityEngine.Rendering.ScriptableCullingParameters&,UnityEngine.Rendering.ScriptableRenderContext,intptr)
UnityEngine.Rendering.ScriptableRenderContext:Cull (UnityEngine.Rendering.ScriptableCullingParameters&)
UnityEngine.Rendering.HighDefinition.HDRenderPipeline:TryCull (UnityEngine.Camera,UnityEngine.Rendering.HighDefinition.HDCamera,UnityEngine.Rendering.ScriptableRenderContext,UnityEngine.Rendering.HighDefinition.SkyManager,UnityEngine.Rendering.ScriptableCullingParameters,UnityEngine.Rendering.HighDefinition.HDRenderPipelineAsset,UnityEngine.Rendering.HighDefinition.HDRenderPipeline/HDCullingResults&) (at Library/PackageCache/com.unity.render-pipelines.high-definition@12.1.11/Runtime/RenderPipeline/HDRenderPipeline.cs:2477)
UnityEngine.Rendering.HighDefinition.HDRenderPipeline:Render (UnityEngine.Rendering.ScriptableRenderContext,System.Collections.Generic.List`1<UnityEngine.Camera>) (at Library/PackageCache/com.unity.render-pipelines.high-definition@12.1.11/Runtime/RenderPipeline/HDRenderPipeline.cs:1338)
UnityEngine.Rendering.RenderPipeline:InternalRender (UnityEngine.Rendering.ScriptableRenderContext,System.Collections.Generic.List`1<UnityEngine.Camera>)
UnityEngine.Rendering.RenderPipelineManager:DoRenderLoop_Internal (UnityEngine.Rendering.RenderPipelineAsset,intptr,System.Collections.Generic.List`1<UnityEngine.Camera/RenderRequest>,Unity.Collections.LowLevel.Unsafe.AtomicSafetyHandle)
UnityEditor.PreviewRenderUtility:Render (bool,bool)
UnityEditor.GameObjectInspector:DoRenderPreview ()
UnityEditor.GameObjectInspector:RenderStaticPreview (string,UnityEngine.Object[],int,int)
UnityEditor.AssetPreviewUpdater:CreatePreview (UnityEngine.Object,UnityEngine.Object[],string,int,int)
UnityEditor.AssetPreviewUpdater:CreatePreviewForAsset (UnityEngine.Object,UnityEngine.Object[],string)

[Library/PackageCache/com.unity.render-pipelines.high-definition@12.1.11/Editor/Material/Unlit/BaseUnlitGUI.cs line 283]

 -> (artifact id: '1b12a8174cb60ab65b522a9dc84accba') in 0.631625 seconds 
========================================================================
Received Import Request.
  Time since last request: 1.523924 seconds.
  path: Assets/Readme.asset
  artifactKey: Guid(7f2c382dc2c22446db59030979f6e495) Importer(815301076,1909f56bfc062723c751e8b465ee728b)
Start importing Assets/Readme.asset using Guid(7f2c382dc2c22446db59030979f6e495) Importer(815301076,1909f56bfc062723c751e8b465ee728b)  -> (artifact id: '594694115460dc09f38626a15583cf41') in 0.005605 seconds 
========================================================================
Received Import Request.
  Time since last request: 6.641556 seconds.
  path: Assets/Settings/HDRPDefaultResources/HDRenderPipelineAsset.asset
  artifactKey: Guid(b9f3086da92434da0bc1518f19f0ce86) Importer(815301076,1909f56bfc062723c751e8b465ee728b)
Start importing Assets/Settings/HDRPDefaultResources/HDRenderPipelineAsset.asset using Guid(b9f3086da92434da0bc1518f19f0ce86) Importer(815301076,1909f56bfc062723c751e8b465ee728b)  -> (artifact id: '7db628766e59f9bb43d6a552e26fb445') in 0.002021 seconds 
========================================================================
Received Import Request.
  Time since last request: 0.000029 seconds.
  path: Assets/Settings/HDRP Raytracing.asset
  artifactKey: Guid(8a87614d1a7f93340b764ec8b6a52495) Importer(815301076,1909f56bfc062723c751e8b465ee728b)
Start importing Assets/Settings/HDRP Raytracing.asset using Guid(8a87614d1a7f93340b764ec8b6a52495) Importer(815301076,1909f56bfc062723c751e8b465ee728b)  -> (artifact id: 'b87cf1816ab9e823e91259577aa0dc0e') in 0.003266 seconds 
========================================================================
Received Import Request.
  Time since last request: 9.363542 seconds.
  path: Assets/MainScene/LightingData.asset
  artifactKey: Guid(70498b9b72da76949ac879a6d2ee3188) Importer(815301076,1909f56bfc062723c751e8b465ee728b)
Start importing Assets/MainScene/LightingData.asset using Guid(70498b9b72da76949ac879a6d2ee3188) Importer(815301076,1909f56bfc062723c751e8b465ee728b)  -> (artifact id: '99ecb32d0a190098be3e15b87f8167f8') in 0.030825 seconds 
========================================================================
Received Import Request.
  Time since last request: 3.046606 seconds.
  path: Assets/MainScene.unity
  artifactKey: Guid(8124e5870f4fd4c779e7a5f994e84ad1) Importer(815301076,1909f56bfc062723c751e8b465ee728b)
Start importing Assets/MainScene.unity using Guid(8124e5870f4fd4c779e7a5f994e84ad1) Importer(815301076,1909f56bfc062723c751e8b465ee728b)  -> (artifact id: 'dbe72f80f0a7d0519c4d007cfe1ff765') in 0.001360 seconds 
========================================================================
Received Import Request.
  Time since last request: 38.966051 seconds.
  path: Assets/Assets/ModularBuilding/AGJ_Ceiling.fbx
  artifactKey: Guid(77c563ef0fdcfe24b97d3587cf8ea64d) Importer(815301076,1909f56bfc062723c751e8b465ee728b)
Start importing Assets/Assets/ModularBuilding/AGJ_Ceiling.fbx using Guid(77c563ef0fdcfe24b97d3587cf8ea64d) Importer(815301076,1909f56bfc062723c751e8b465ee728b)  -> (artifact id: '2a70fd97b0c367434d6f34777bc08c3c') in 0.031357 seconds 
========================================================================
Received Import Request.
  Time since last request: 0.000028 seconds.
  path: Assets/Assets/ModularBuilding/AGJ_HighCeiling.fbx
  artifactKey: Guid(aae0c6d7be3dcfc47bc7a27ac01f9885) Importer(815301076,1909f56bfc062723c751e8b465ee728b)
Start importing Assets/Assets/ModularBuilding/AGJ_HighCeiling.fbx using Guid(aae0c6d7be3dcfc47bc7a27ac01f9885) Importer(815301076,1909f56bfc062723c751e8b465ee728b)  -> (artifact id: '2670e2996f0b298e7e1c118b703b3500') in 0.024960 seconds 
========================================================================
Received Import Request.
  Time since last request: 0.000041 seconds.
  path: Assets/Assets/ModularBuilding/AGJ_Window.fbx
  artifactKey: Guid(603bfd93f8e012940a69c30e54c7cd03) Importer(815301076,1909f56bfc062723c751e8b465ee728b)
Start importing Assets/Assets/ModularBuilding/AGJ_Window.fbx using Guid(603bfd93f8e012940a69c30e54c7cd03) Importer(815301076,1909f56bfc062723c751e8b465ee728b)  -> (artifact id: '8e9b578cafd1684737cacea05e136305') in 0.020085 seconds 
========================================================================
Received Import Request.
  Time since last request: 0.000036 seconds.
  path: Assets/Assets/ModularBuilding/AGJ_Wall01.fbx
  artifactKey: Guid(6d7db1f1f8b9aa24ba499ce3b195c8ed) Importer(815301076,1909f56bfc062723c751e8b465ee728b)
Start importing Assets/Assets/ModularBuilding/AGJ_Wall01.fbx using Guid(6d7db1f1f8b9aa24ba499ce3b195c8ed) Importer(815301076,1909f56bfc062723c751e8b465ee728b)  -> (artifact id: 'd0a47d8f00feae3ae587578898b3c8ce') in 0.015967 seconds 
========================================================================
Received Import Request.
  Time since last request: 0.000024 seconds.
  path: Assets/Assets/ModularBuilding/AGJ_Floor2.fbx
  artifactKey: Guid(b679371bc3595804e83b80ac001c4b29) Importer(815301076,1909f56bfc062723c751e8b465ee728b)
Start importing Assets/Assets/ModularBuilding/AGJ_Floor2.fbx using Guid(b679371bc3595804e83b80ac001c4b29) Importer(815301076,1909f56bfc062723c751e8b465ee728b)  -> (artifact id: 'c2e853ae207a9a6772e9014550905ede') in 0.022437 seconds 
========================================================================
Received Import Request.
  Time since last request: 0.000025 seconds.
  path: Assets/Assets/ModularBuilding/AGJ_Wall03.fbx
  artifactKey: Guid(e321aa5b41cb4364eb679c0cd9957056) Importer(815301076,1909f56bfc062723c751e8b465ee728b)
Start importing Assets/Assets/ModularBuilding/AGJ_Wall03.fbx using Guid(e321aa5b41cb4364eb679c0cd9957056) Importer(815301076,1909f56bfc062723c751e8b465ee728b)  -> (artifact id: '5d2089ab2402df3351ace15fa7eeaef4') in 0.018304 seconds 
========================================================================
Received Import Request.
  Time since last request: 3.378019 seconds.
  path: Assets/Assets/ModularBuilding/FInal
  artifactKey: Guid(1f6dfcd8d2a2a2845908d469d201f0d8) Importer(815301076,1909f56bfc062723c751e8b465ee728b)
Start importing Assets/Assets/ModularBuilding/FInal using Guid(1f6dfcd8d2a2a2845908d469d201f0d8) Importer(815301076,1909f56bfc062723c751e8b465ee728b)  -> (artifact id: '4db73dbd818a5e8ea74898b6a1186e2e') in 0.001797 seconds 
========================================================================
Received Import Request.
  Time since last request: 0.095440 seconds.
  path: Assets/Assets/ModularBuilding/FInal/AGJ_Window.fbx
  artifactKey: Guid(13041ca9c8183eb48864761473be0a18) Importer(815301076,1909f56bfc062723c751e8b465ee728b)
Start importing Assets/Assets/ModularBuilding/FInal/AGJ_Window.fbx using Guid(13041ca9c8183eb48864761473be0a18) Importer(815301076,1909f56bfc062723c751e8b465ee728b) d3d12: upload buffer was full! Waited for COPY queue for 1.365 ms.
d3d12: upload buffer was full! Waited for COPY queue for 1.352 ms.
Error assigning CUBE texture to 2D texture property '_MainTex': Dimensions must match
UnityEngine.StackTraceUtility:ExtractStackTrace ()
UnityEngine.Rendering.ScriptableRenderContext:Internal_Cull (UnityEngine.Rendering.ScriptableCullingParameters&,UnityEngine.Rendering.ScriptableRenderContext,intptr)
UnityEngine.Rendering.ScriptableRenderContext:Cull (UnityEngine.Rendering.ScriptableCullingParameters&)
UnityEngine.Rendering.HighDefinition.HDRenderPipeline:TryCull (UnityEngine.Camera,UnityEngine.Rendering.HighDefinition.HDCamera,UnityEngine.Rendering.ScriptableRenderContext,UnityEngine.Rendering.HighDefinition.SkyManager,UnityEngine.Rendering.ScriptableCullingParameters,UnityEngine.Rendering.HighDefinition.HDRenderPipelineAsset,UnityEngine.Rendering.HighDefinition.HDRenderPipeline/HDCullingResults&) (at Library/PackageCache/com.unity.render-pipelines.high-definition@12.1.11/Runtime/RenderPipeline/HDRenderPipeline.cs:2477)
UnityEngine.Rendering.HighDefinition.HDRenderPipeline:Render (UnityEngine.Rendering.ScriptableRenderContext,System.Collections.Generic.List`1<UnityEngine.Camera>) (at Library/PackageCache/com.unity.render-pipelines.high-definition@12.1.11/Runtime/RenderPipeline/HDRenderPipeline.cs:1338)
UnityEngine.Rendering.RenderPipeline:InternalRender (UnityEngine.Rendering.ScriptableRenderContext,System.Collections.Generic.List`1<UnityEngine.Camera>)
UnityEngine.Rendering.RenderPipelineManager:DoRenderLoop_Internal (UnityEngine.Rendering.RenderPipelineAsset,intptr,System.Collections.Generic.List`1<UnityEngine.Camera/RenderRequest>,Unity.Collections.LowLevel.Unsafe.AtomicSafetyHandle)
UnityEditor.PreviewRenderUtility:Render (bool,bool)
UnityEditor.GameObjectInspector:DoRenderPreview ()
UnityEditor.GameObjectInspector:RenderStaticPreview (string,UnityEngine.Object[],int,int)
UnityEditor.AssetPreviewUpdater:CreatePreview (UnityEngine.Object,UnityEngine.Object[],string,int,int)
UnityEditor.AssetPreviewUpdater:CreatePreviewForAsset (UnityEngine.Object,UnityEngine.Object[],string)

[Library/PackageCache/com.unity.render-pipelines.high-definition@12.1.11/Runtime/RenderPipeline/HDRenderPipeline.cs line 2477]

Error assigning CUBE texture to 2D texture property '_BaseColorMap': Dimensions must match
UnityEngine.StackTraceUtility:ExtractStackTrace ()
UnityEngine.Rendering.ScriptableRenderContext:Internal_Cull (UnityEngine.Rendering.ScriptableCullingParameters&,UnityEngine.Rendering.ScriptableRenderContext,intptr)
UnityEngine.Rendering.ScriptableRenderContext:Cull (UnityEngine.Rendering.ScriptableCullingParameters&)
UnityEngine.Rendering.HighDefinition.HDRenderPipeline:TryCull (UnityEngine.Camera,UnityEngine.Rendering.HighDefinition.HDCamera,UnityEngine.Rendering.ScriptableRenderContext,UnityEngine.Rendering.HighDefinition.SkyManager,UnityEngine.Rendering.ScriptableCullingParameters,UnityEngine.Rendering.HighDefinition.HDRenderPipelineAsset,UnityEngine.Rendering.HighDefinition.HDRenderPipeline/HDCullingResults&) (at Library/PackageCache/com.unity.render-pipelines.high-definition@12.1.11/Runtime/RenderPipeline/HDRenderPipeline.cs:2477)
UnityEngine.Rendering.HighDefinition.HDRenderPipeline:Render (UnityEngine.Rendering.ScriptableRenderContext,System.Collections.Generic.List`1<UnityEngine.Camera>) (at Library/PackageCache/com.unity.render-pipelines.high-definition@12.1.11/Runtime/RenderPipeline/HDRenderPipeline.cs:1338)
UnityEngine.Rendering.RenderPipeline:InternalRender (UnityEngine.Rendering.ScriptableRenderContext,System.Collections.Generic.List`1<UnityEngine.Camera>)
UnityEngine.Rendering.RenderPipelineManager:DoRenderLoop_Internal (UnityEngine.Rendering.RenderPipelineAsset,intptr,System.Collections.Generic.List`1<UnityEngine.Camera/RenderRequest>,Unity.Collections.LowLevel.Unsafe.AtomicSafetyHandle)
UnityEditor.PreviewRenderUtility:Render (bool,bool)
UnityEditor.GameObjectInspector:DoRenderPreview ()
UnityEditor.GameObjectInspector:RenderStaticPreview (string,UnityEngine.Object[],int,int)
UnityEditor.AssetPreviewUpdater:CreatePreview (UnityEngine.Object,UnityEngine.Object[],string,int,int)
UnityEditor.AssetPreviewUpdater:CreatePreviewForAsset (UnityEngine.Object,UnityEngine.Object[],string)

[Library/PackageCache/com.unity.render-pipelines.high-definition@12.1.11/Runtime/RenderPipeline/HDRenderPipeline.cs line 2477]

Error assigning CUBE texture to 2D texture property '_MainTex': Dimensions must match
UnityEngine.StackTraceUtility:ExtractStackTrace ()
UnityEngine.Material:SetTexture (string,UnityEngine.Texture)
UnityEditor.Rendering.HighDefinition.BaseUnlitGUI:SetupMainTexForAlphaTestGI (UnityEngine.Material,string,string) (at Library/PackageCache/com.unity.render-pipelines.high-definition@12.1.11/Editor/Material/Unlit/BaseUnlitGUI.cs:283)
UnityEditor.Rendering.HighDefinition.BaseLitGUI:SetupBaseLitKeywords (UnityEngine.Material) (at Library/PackageCache/com.unity.render-pipelines.high-definition@12.1.11/Editor/Material/Lit/BaseLitGUI.cs:127)
UnityEditor.Rendering.HighDefinition.LitGUI:SetupLitKeywordsAndPass (UnityEngine.Material) (at Library/PackageCache/com.unity.render-pipelines.high-definition@12.1.11/Editor/Material/Lit/LitGUI.cs:81)
UnityEditor.Rendering.HighDefinition.LitGUI:ValidateMaterial (UnityEngine.Material) (at Library/PackageCache/com.unity.render-pipelines.high-definition@12.1.11/Editor/Material/Lit/LitGUI.cs:76)
UnityEditor.ShaderGUIUtility:ValidateMaterial (UnityEngine.Material)
UnityEngine.Rendering.ScriptableRenderContext:Internal_Cull (UnityEngine.Rendering.ScriptableCullingParameters&,UnityEngine.Rendering.ScriptableRenderContext,intptr)
UnityEngine.Rendering.ScriptableRenderContext:Cull (UnityEngine.Rendering.ScriptableCullingParameters&)
UnityEngine.Rendering.HighDefinition.HDRenderPipeline:TryCull (UnityEngine.Camera,UnityEngine.Rendering.HighDefinition.HDCamera,UnityEngine.Rendering.ScriptableRenderContext,UnityEngine.Rendering.HighDefinition.SkyManager,UnityEngine.Rendering.ScriptableCullingParameters,UnityEngine.Rendering.HighDefinition.HDRenderPipelineAsset,UnityEngine.Rendering.HighDefinition.HDRenderPipeline/HDCullingResults&) (at Library/PackageCache/com.unity.render-pipelines.high-definition@12.1.11/Runtime/RenderPipeline/HDRenderPipeline.cs:2477)
UnityEngine.Rendering.HighDefinition.HDRenderPipeline:Render (UnityEngine.Rendering.ScriptableRenderContext,System.Collections.Generic.List`1<UnityEngine.Camera>) (at Library/PackageCache/com.unity.render-pipelines.high-definition@12.1.11/Runtime/RenderPipeline/HDRenderPipeline.cs:1338)
UnityEngine.Rendering.RenderPipeline:InternalRender (UnityEngine.Rendering.ScriptableRenderContext,System.Collections.Generic.List`1<UnityEngine.Camera>)
UnityEngine.Rendering.RenderPipelineManager:DoRenderLoop_Internal (UnityEngine.Rendering.RenderPipelineAsset,intptr,System.Collections.Generic.List`1<UnityEngine.Camera/RenderRequest>,Unity.Collections.LowLevel.Unsafe.AtomicSafetyHandle)
UnityEditor.PreviewRenderUtility:Render (bool,bool)
UnityEditor.GameObjectInspector:DoRenderPreview ()
UnityEditor.GameObjectInspector:RenderStaticPreview (string,UnityEngine.Object[],int,int)
UnityEditor.AssetPreviewUpdater:CreatePreview (UnityEngine.Object,UnityEngine.Object[],string,int,int)
UnityEditor.AssetPreviewUpdater:CreatePreviewForAsset (UnityEngine.Object,UnityEngine.Object[],string)

[Library/PackageCache/com.unity.render-pipelines.high-definition@12.1.11/Editor/Material/Unlit/BaseUnlitGUI.cs line 283]

d3d12: upload buffer was full! Waited for COPY queue for 0.088 ms.
d3d12: upload buffer was full! Waited for COPY queue for 1.321 ms.
d3d12: upload buffer was full! Waited for COPY queue for 0.494 ms.
d3d12: upload buffer was full! Waited for COPY queue for 1.322 ms.
d3d12: upload buffer was full! Waited for COPY queue for 0.502 ms.
d3d12: upload buffer was full! Waited for COPY queue for 1.347 ms.
d3d12: upload buffer was full! Waited for COPY queue for 0.501 ms.
d3d12: upload buffer was full! Waited for COPY queue for 1.336 ms.
d3d12: upload buffer was full! Waited for COPY queue for 0.491 ms.
d3d12: upload buffer was full! Waited for COPY queue for 1.323 ms.
d3d12: upload buffer was full! Waited for COPY queue for 0.484 ms.
d3d12: upload buffer was full! Waited for COPY queue for 1.397 ms.
Error assigning CUBE texture to 2D texture property '_MainTex': Dimensions must match
UnityEngine.StackTraceUtility:ExtractStackTrace ()
UnityEngine.Rendering.ScriptableRenderContext:Internal_Cull (UnityEngine.Rendering.ScriptableCullingParameters&,UnityEngine.Rendering.ScriptableRenderContext,intptr)
UnityEngine.Rendering.ScriptableRenderContext:Cull (UnityEngine.Rendering.ScriptableCullingParameters&)
UnityEngine.Rendering.HighDefinition.HDRenderPipeline:TryCull (UnityEngine.Camera,UnityEngine.Rendering.HighDefinition.HDCamera,UnityEngine.Rendering.ScriptableRenderContext,UnityEngine.Rendering.HighDefinition.SkyManager,UnityEngine.Rendering.ScriptableCullingParameters,UnityEngine.Rendering.HighDefinition.HDRenderPipelineAsset,UnityEngine.Rendering.HighDefinition.HDRenderPipeline/HDCullingResults&) (at Library/PackageCache/com.unity.render-pipelines.high-definition@12.1.11/Runtime/RenderPipeline/HDRenderPipeline.cs:2477)
UnityEngine.Rendering.HighDefinition.HDRenderPipeline:Render (UnityEngine.Rendering.ScriptableRenderContext,System.Collections.Generic.List`1<UnityEngine.Camera>) (at Library/PackageCache/com.unity.render-pipelines.high-definition@12.1.11/Runtime/RenderPipeline/HDRenderPipeline.cs:1338)
UnityEngine.Rendering.RenderPipeline:InternalRender (UnityEngine.Rendering.ScriptableRenderContext,System.Collections.Generic.List`1<UnityEngine.Camera>)
UnityEngine.Rendering.RenderPipelineManager:DoRenderLoop_Internal (UnityEngine.Rendering.RenderPipelineAsset,intptr,System.Collections.Generic.List`1<UnityEngine.Camera/RenderRequest>,Unity.Collections.LowLevel.Unsafe.AtomicSafetyHandle)
UnityEditor.PreviewRenderUtility:Render (bool,bool)
UnityEditor.GameObjectInspector:DoRenderPreview ()
UnityEditor.GameObjectInspector:RenderStaticPreview (string,UnityEngine.Object[],int,int)
UnityEditor.AssetPreviewUpdater:CreatePreview (UnityEngine.Object,UnityEngine.Object[],string,int,int)
UnityEditor.AssetPreviewUpdater:CreatePreviewForAsset (UnityEngine.Object,UnityEngine.Object[],string)

[Library/PackageCache/com.unity.render-pipelines.high-definition@12.1.11/Runtime/RenderPipeline/HDRenderPipeline.cs line 2477]

Error assigning CUBE texture to 2D texture property '_BaseColorMap': Dimensions must match
UnityEngine.StackTraceUtility:ExtractStackTrace ()
UnityEngine.Rendering.ScriptableRenderContext:Internal_Cull (UnityEngine.Rendering.ScriptableCullingParameters&,UnityEngine.Rendering.ScriptableRenderContext,intptr)
UnityEngine.Rendering.ScriptableRenderContext:Cull (UnityEngine.Rendering.ScriptableCullingParameters&)
UnityEngine.Rendering.HighDefinition.HDRenderPipeline:TryCull (UnityEngine.Camera,UnityEngine.Rendering.HighDefinition.HDCamera,UnityEngine.Rendering.ScriptableRenderContext,UnityEngine.Rendering.HighDefinition.SkyManager,UnityEngine.Rendering.ScriptableCullingParameters,UnityEngine.Rendering.HighDefinition.HDRenderPipelineAsset,UnityEngine.Rendering.HighDefinition.HDRenderPipeline/HDCullingResults&) (at Library/PackageCache/com.unity.render-pipelines.high-definition@12.1.11/Runtime/RenderPipeline/HDRenderPipeline.cs:2477)
UnityEngine.Rendering.HighDefinition.HDRenderPipeline:Render (UnityEngine.Rendering.ScriptableRenderContext,System.Collections.Generic.List`1<UnityEngine.Camera>) (at Library/PackageCache/com.unity.render-pipelines.high-definition@12.1.11/Runtime/RenderPipeline/HDRenderPipeline.cs:1338)
UnityEngine.Rendering.RenderPipeline:InternalRender (UnityEngine.Rendering.ScriptableRenderContext,System.Collections.Generic.List`1<UnityEngine.Camera>)
UnityEngine.Rendering.RenderPipelineManager:DoRenderLoop_Internal (UnityEngine.Rendering.RenderPipelineAsset,intptr,System.Collections.Generic.List`1<UnityEngine.Camera/RenderRequest>,Unity.Collections.LowLevel.Unsafe.AtomicSafetyHandle)
UnityEditor.PreviewRenderUtility:Render (bool,bool)
UnityEditor.GameObjectInspector:DoRenderPreview ()
UnityEditor.GameObjectInspector:RenderStaticPreview (string,UnityEngine.Object[],int,int)
UnityEditor.AssetPreviewUpdater:CreatePreview (UnityEngine.Object,UnityEngine.Object[],string,int,int)
UnityEditor.AssetPreviewUpdater:CreatePreviewForAsset (UnityEngine.Object,UnityEngine.Object[],string)

[Library/PackageCache/com.unity.render-pipelines.high-definition@12.1.11/Runtime/RenderPipeline/HDRenderPipeline.cs line 2477]

Error assigning CUBE texture to 2D texture property '_MainTex': Dimensions must match
UnityEngine.StackTraceUtility:ExtractStackTrace ()
UnityEngine.Material:SetTexture (string,UnityEngine.Texture)
UnityEditor.Rendering.HighDefinition.BaseUnlitGUI:SetupMainTexForAlphaTestGI (UnityEngine.Material,string,string) (at Library/PackageCache/com.unity.render-pipelines.high-definition@12.1.11/Editor/Material/Unlit/BaseUnlitGUI.cs:283)
UnityEditor.Rendering.HighDefinition.BaseLitGUI:SetupBaseLitKeywords (UnityEngine.Material) (at Library/PackageCache/com.unity.render-pipelines.high-definition@12.1.11/Editor/Material/Lit/BaseLitGUI.cs:127)
UnityEditor.Rendering.HighDefinition.LitGUI:SetupLitKeywordsAndPass (UnityEngine.Material) (at Library/PackageCache/com.unity.render-pipelines.high-definition@12.1.11/Editor/Material/Lit/LitGUI.cs:81)
UnityEditor.Rendering.HighDefinition.LitGUI:ValidateMaterial (UnityEngine.Material) (at Library/PackageCache/com.unity.render-pipelines.high-definition@12.1.11/Editor/Material/Lit/LitGUI.cs:76)
UnityEditor.ShaderGUIUtility:ValidateMaterial (UnityEngine.Material)
UnityEngine.Rendering.ScriptableRenderContext:Internal_Cull (UnityEngine.Rendering.ScriptableCullingParameters&,UnityEngine.Rendering.ScriptableRenderContext,intptr)
UnityEngine.Rendering.ScriptableRenderContext:Cull (UnityEngine.Rendering.ScriptableCullingParameters&)
UnityEngine.Rendering.HighDefinition.HDRenderPipeline:TryCull (UnityEngine.Camera,UnityEngine.Rendering.HighDefinition.HDCamera,UnityEngine.Rendering.ScriptableRenderContext,UnityEngine.Rendering.HighDefinition.SkyManager,UnityEngine.Rendering.ScriptableCullingParameters,UnityEngine.Rendering.HighDefinition.HDRenderPipelineAsset,UnityEngine.Rendering.HighDefinition.HDRenderPipeline/HDCullingResults&) (at Library/PackageCache/com.unity.render-pipelines.high-definition@12.1.11/Runtime/RenderPipeline/HDRenderPipeline.cs:2477)
UnityEngine.Rendering.HighDefinition.HDRenderPipeline:Render (UnityEngine.Rendering.ScriptableRenderContext,System.Collections.Generic.List`1<UnityEngine.Camera>) (at Library/PackageCache/com.unity.render-pipelines.high-definition@12.1.11/Runtime/RenderPipeline/HDRenderPipeline.cs:1338)
UnityEngine.Rendering.RenderPipeline:InternalRender (UnityEngine.Rendering.ScriptableRenderContext,System.Collections.Generic.List`1<UnityEngine.Camera>)
UnityEngine.Rendering.RenderPipelineManager:DoRenderLoop_Internal (UnityEngine.Rendering.RenderPipelineAsset,intptr,System.Collections.Generic.List`1<UnityEngine.Camera/RenderRequest>,Unity.Collections.LowLevel.Unsafe.AtomicSafetyHandle)
UnityEditor.PreviewRenderUtility:Render (bool,bool)
UnityEditor.GameObjectInspector:DoRenderPreview ()
UnityEditor.GameObjectInspector:RenderStaticPreview (string,UnityEngine.Object[],int,int)
UnityEditor.AssetPreviewUpdater:CreatePreview (UnityEngine.Object,UnityEngine.Object[],string,int,int)
UnityEditor.AssetPreviewUpdater:CreatePreviewForAsset (UnityEngine.Object,UnityEngine.Object[],string)

[Library/PackageCache/com.unity.render-pipelines.high-definition@12.1.11/Editor/Material/Unlit/BaseUnlitGUI.cs line 283]

 -> (artifact id: '0b5d2ff1ef5917f953675315527beecf') in 0.108416 seconds 
========================================================================
Received Import Request.
  Time since last request: 0.073311 seconds.
  path: Assets/Assets/ModularBuilding/FInal/Final_AGJ_Wall1.fbx
  artifactKey: Guid(225dd6db774f93c45bd3b4e265d643bc) Importer(815301076,1909f56bfc062723c751e8b465ee728b)
Start importing Assets/Assets/ModularBuilding/FInal/Final_AGJ_Wall1.fbx using Guid(225dd6db774f93c45bd3b4e265d643bc) Importer(815301076,1909f56bfc062723c751e8b465ee728b) d3d12: upload buffer was full! Waited for COPY queue for 0.053 ms.
d3d12: upload buffer was full! Waited for COPY queue for 1.328 ms.
d3d12: upload buffer was full! Waited for COPY queue for 0.513 ms.
d3d12: upload buffer was full! Waited for COPY queue for 1.356 ms.
d3d12: upload buffer was full! Waited for COPY queue for 0.493 ms.
d3d12: upload buffer was full! Waited for COPY queue for 1.360 ms.
d3d12: upload buffer was full! Waited for COPY queue for 0.485 ms.
d3d12: upload buffer was full! Waited for COPY queue for 1.350 ms.
d3d12: upload buffer was full! Waited for COPY queue for 0.488 ms.
d3d12: upload buffer was full! Waited for COPY queue for 1.350 ms.
d3d12: upload buffer was full! Waited for COPY queue for 0.504 ms.
d3d12: upload buffer was full! Waited for COPY queue for 1.347 ms.
Error assigning CUBE texture to 2D texture property '_MainTex': Dimensions must match
UnityEngine.StackTraceUtility:ExtractStackTrace ()
UnityEngine.Rendering.ScriptableRenderContext:Internal_Cull (UnityEngine.Rendering.ScriptableCullingParameters&,UnityEngine.Rendering.ScriptableRenderContext,intptr)
UnityEngine.Rendering.ScriptableRenderContext:Cull (UnityEngine.Rendering.ScriptableCullingParameters&)
UnityEngine.Rendering.HighDefinition.HDRenderPipeline:TryCull (UnityEngine.Camera,UnityEngine.Rendering.HighDefinition.HDCamera,UnityEngine.Rendering.ScriptableRenderContext,UnityEngine.Rendering.HighDefinition.SkyManager,UnityEngine.Rendering.ScriptableCullingParameters,UnityEngine.Rendering.HighDefinition.HDRenderPipelineAsset,UnityEngine.Rendering.HighDefinition.HDRenderPipeline/HDCullingResults&) (at Library/PackageCache/com.unity.render-pipelines.high-definition@12.1.11/Runtime/RenderPipeline/HDRenderPipeline.cs:2477)
UnityEngine.Rendering.HighDefinition.HDRenderPipeline:Render (UnityEngine.Rendering.ScriptableRenderContext,System.Collections.Generic.List`1<UnityEngine.Camera>) (at Library/PackageCache/com.unity.render-pipelines.high-definition@12.1.11/Runtime/RenderPipeline/HDRenderPipeline.cs:1338)
UnityEngine.Rendering.RenderPipeline:InternalRender (UnityEngine.Rendering.ScriptableRenderContext,System.Collections.Generic.List`1<UnityEngine.Camera>)
UnityEngine.Rendering.RenderPipelineManager:DoRenderLoop_Internal (UnityEngine.Rendering.RenderPipelineAsset,intptr,System.Collections.Generic.List`1<UnityEngine.Camera/RenderRequest>,Unity.Collections.LowLevel.Unsafe.AtomicSafetyHandle)
UnityEditor.PreviewRenderUtility:Render (bool,bool)
UnityEditor.GameObjectInspector:DoRenderPreview ()
UnityEditor.GameObjectInspector:RenderStaticPreview (string,UnityEngine.Object[],int,int)
UnityEditor.AssetPreviewUpdater:CreatePreview (UnityEngine.Object,UnityEngine.Object[],string,int,int)
UnityEditor.AssetPreviewUpdater:CreatePreviewForAsset (UnityEngine.Object,UnityEngine.Object[],string)

[Library/PackageCache/com.unity.render-pipelines.high-definition@12.1.11/Runtime/RenderPipeline/HDRenderPipeline.cs line 2477]

Error assigning CUBE texture to 2D texture property '_BaseColorMap': Dimensions must match
UnityEngine.StackTraceUtility:ExtractStackTrace ()
UnityEngine.Rendering.ScriptableRenderContext:Internal_Cull (UnityEngine.Rendering.ScriptableCullingParameters&,UnityEngine.Rendering.ScriptableRenderContext,intptr)
UnityEngine.Rendering.ScriptableRenderContext:Cull (UnityEngine.Rendering.ScriptableCullingParameters&)
UnityEngine.Rendering.HighDefinition.HDRenderPipeline:TryCull (UnityEngine.Camera,UnityEngine.Rendering.HighDefinition.HDCamera,UnityEngine.Rendering.ScriptableRenderContext,UnityEngine.Rendering.HighDefinition.SkyManager,UnityEngine.Rendering.ScriptableCullingParameters,UnityEngine.Rendering.HighDefinition.HDRenderPipelineAsset,UnityEngine.Rendering.HighDefinition.HDRenderPipeline/HDCullingResults&) (at Library/PackageCache/com.unity.render-pipelines.high-definition@12.1.11/Runtime/RenderPipeline/HDRenderPipeline.cs:2477)
UnityEngine.Rendering.HighDefinition.HDRenderPipeline:Render (UnityEngine.Rendering.ScriptableRenderContext,System.Collections.Generic.List`1<UnityEngine.Camera>) (at Library/PackageCache/com.unity.render-pipelines.high-definition@12.1.11/Runtime/RenderPipeline/HDRenderPipeline.cs:1338)
UnityEngine.Rendering.RenderPipeline:InternalRender (UnityEngine.Rendering.ScriptableRenderContext,System.Collections.Generic.List`1<UnityEngine.Camera>)
UnityEngine.Rendering.RenderPipelineManager:DoRenderLoop_Internal (UnityEngine.Rendering.RenderPipelineAsset,intptr,System.Collections.Generic.List`1<UnityEngine.Camera/RenderRequest>,Unity.Collections.LowLevel.Unsafe.AtomicSafetyHandle)
UnityEditor.PreviewRenderUtility:Render (bool,bool)
UnityEditor.GameObjectInspector:DoRenderPreview ()
UnityEditor.GameObjectInspector:RenderStaticPreview (string,UnityEngine.Object[],int,int)
UnityEditor.AssetPreviewUpdater:CreatePreview (UnityEngine.Object,UnityEngine.Object[],string,int,int)
UnityEditor.AssetPreviewUpdater:CreatePreviewForAsset (UnityEngine.Object,UnityEngine.Object[],string)

[Library/PackageCache/com.unity.render-pipelines.high-definition@12.1.11/Runtime/RenderPipeline/HDRenderPipeline.cs line 2477]

Error assigning CUBE texture to 2D texture property '_MainTex': Dimensions must match
UnityEngine.StackTraceUtility:ExtractStackTrace ()
UnityEngine.Material:SetTexture (string,UnityEngine.Texture)
UnityEditor.Rendering.HighDefinition.BaseUnlitGUI:SetupMainTexForAlphaTestGI (UnityEngine.Material,string,string) (at Library/PackageCache/com.unity.render-pipelines.high-definition@12.1.11/Editor/Material/Unlit/BaseUnlitGUI.cs:283)
UnityEditor.Rendering.HighDefinition.BaseLitGUI:SetupBaseLitKeywords (UnityEngine.Material) (at Library/PackageCache/com.unity.render-pipelines.high-definition@12.1.11/Editor/Material/Lit/BaseLitGUI.cs:127)
UnityEditor.Rendering.HighDefinition.LitGUI:SetupLitKeywordsAndPass (UnityEngine.Material) (at Library/PackageCache/com.unity.render-pipelines.high-definition@12.1.11/Editor/Material/Lit/LitGUI.cs:81)
UnityEditor.Rendering.HighDefinition.LitGUI:ValidateMaterial (UnityEngine.Material) (at Library/PackageCache/com.unity.render-pipelines.high-definition@12.1.11/Editor/Material/Lit/LitGUI.cs:76)
UnityEditor.ShaderGUIUtility:ValidateMaterial (UnityEngine.Material)
UnityEngine.Rendering.ScriptableRenderContext:Internal_Cull (UnityEngine.Rendering.ScriptableCullingParameters&,UnityEngine.Rendering.ScriptableRenderContext,intptr)
UnityEngine.Rendering.ScriptableRenderContext:Cull (UnityEngine.Rendering.ScriptableCullingParameters&)
UnityEngine.Rendering.HighDefinition.HDRenderPipeline:TryCull (UnityEngine.Camera,UnityEngine.Rendering.HighDefinition.HDCamera,UnityEngine.Rendering.ScriptableRenderContext,UnityEngine.Rendering.HighDefinition.SkyManager,UnityEngine.Rendering.ScriptableCullingParameters,UnityEngine.Rendering.HighDefinition.HDRenderPipelineAsset,UnityEngine.Rendering.HighDefinition.HDRenderPipeline/HDCullingResults&) (at Library/PackageCache/com.unity.render-pipelines.high-definition@12.1.11/Runtime/RenderPipeline/HDRenderPipeline.cs:2477)
UnityEngine.Rendering.HighDefinition.HDRenderPipeline:Render (UnityEngine.Rendering.ScriptableRenderContext,System.Collections.Generic.List`1<UnityEngine.Camera>) (at Library/PackageCache/com.unity.render-pipelines.high-definition@12.1.11/Runtime/RenderPipeline/HDRenderPipeline.cs:1338)
UnityEngine.Rendering.RenderPipeline:InternalRender (UnityEngine.Rendering.ScriptableRenderContext,System.Collections.Generic.List`1<UnityEngine.Camera>)
UnityEngine.Rendering.RenderPipelineManager:DoRenderLoop_Internal (UnityEngine.Rendering.RenderPipelineAsset,intptr,System.Collections.Generic.List`1<UnityEngine.Camera/RenderRequest>,Unity.Collections.LowLevel.Unsafe.AtomicSafetyHandle)
UnityEditor.PreviewRenderUtility:Render (bool,bool)
UnityEditor.GameObjectInspector:DoRenderPreview ()
UnityEditor.GameObjectInspector:RenderStaticPreview (string,UnityEngine.Object[],int,int)
UnityEditor.AssetPreviewUpdater:CreatePreview (UnityEngine.Object,UnityEngine.Object[],string,int,int)
UnityEditor.AssetPreviewUpdater:CreatePreviewForAsset (UnityEngine.Object,UnityEngine.Object[],string)

[Library/PackageCache/com.unity.render-pipelines.high-definition@12.1.11/Editor/Material/Unlit/BaseUnlitGUI.cs line 283]

 -> (artifact id: 'ed06281b7d5b5a8ac4108c69dcbf9977') in 0.079246 seconds 
========================================================================
Received Import Request.
  Time since last request: 0.036261 seconds.
  path: Assets/Assets/ModularBuilding/FInal/Trim_BaseMap.png
  artifactKey: Guid(2b692142e32219d44be71b831b6fdfde) Importer(815301076,1909f56bfc062723c751e8b465ee728b)
Start importing Assets/Assets/ModularBuilding/FInal/Trim_BaseMap.png using Guid(2b692142e32219d44be71b831b6fdfde) Importer(815301076,1909f56bfc062723c751e8b465ee728b) d3d12: upload buffer was full! Waited for COPY queue for 2.694 ms.
d3d12: upload buffer was full! Waited for COPY queue for 2.483 ms.
 -> (artifact id: 'dfadf0933abb25744fd169e2bdf2bc05') in 0.046226 seconds 
========================================================================
Received Import Request.
  Time since last request: 0.000045 seconds.
  path: Assets/Assets/ModularBuilding/FInal/wood_planks_dirt_nor_gl_4k.png
  artifactKey: Guid(7b0325f359490d04892f81eb30b4d7f6) Importer(815301076,1909f56bfc062723c751e8b465ee728b)
Start importing Assets/Assets/ModularBuilding/FInal/wood_planks_dirt_nor_gl_4k.png using Guid(7b0325f359490d04892f81eb30b4d7f6) Importer(815301076,1909f56bfc062723c751e8b465ee728b)  -> (artifact id: '431f9ae2c274e1a9efaf3328ad7a9ae7') in 0.024869 seconds 
Editor requested this worker to shutdown with reason: Scaling down because of idle timeout
AssetImportWorker is now disconnected from the server
Process exiting
Exiting without the bug reporter. Application will terminate with return code 0