Using pre-set license
Built from '2021.3/staging' branch; Version is '2021.3.26f1 (a16dc32e0ff2) revision 10579395'; Using compiler version '192829333'; Build Type 'Release'
OS: 'Windows 11  (10.0.22621) 64bit Professional' Language: 'en' Physical Memory: 31898 MB
BatchMode: 1, IsHumanControllingUs: 0, StartBugReporterOnCrash: 0, Is64bit: 1, IsPro: 1

COMMAND LINE ARGUMENTS:
C:\Program Files\Unity\Hub\Editor\2021.3.26f1\Editor\Unity.exe
-adb2
-batchMode
-noUpm
-name
AssetImportWorker0
-projectPath
C:/AGJ/AGJ
-logFile
Logs/AssetImportWorker0.log
-srvPort
50590
Successfully changed project path to: C:/AGJ/AGJ
C:/AGJ/AGJ
[UnityMemory] Configuration Parameters - Can be set up in boot.config
    "memorysetup-bucket-allocator-granularity=16"
    "memorysetup-bucket-allocator-bucket-count=8"
    "memorysetup-bucket-allocator-block-size=33554432"
    "memorysetup-bucket-allocator-block-count=8"
    "memorysetup-main-allocator-block-size=16777216"
    "memorysetup-thread-allocator-block-size=16777216"
    "memorysetup-gfx-main-allocator-block-size=16777216"
    "memorysetup-gfx-thread-allocator-block-size=16777216"
    "memorysetup-cache-allocator-block-size=4194304"
    "memorysetup-typetree-allocator-block-size=2097152"
    "memorysetup-profiler-bucket-allocator-granularity=16"
    "memorysetup-profiler-bucket-allocator-bucket-count=8"
    "memorysetup-profiler-bucket-allocator-block-size=33554432"
    "memorysetup-profiler-bucket-allocator-block-count=8"
    "memorysetup-profiler-allocator-block-size=16777216"
    "memorysetup-profiler-editor-allocator-block-size=1048576"
    "memorysetup-temp-allocator-size-main=16777216"
    "memorysetup-job-temp-allocator-block-size=2097152"
    "memorysetup-job-temp-allocator-block-size-background=1048576"
    "memorysetup-job-temp-allocator-reduction-small-platforms=262144"
    "memorysetup-temp-allocator-size-background-worker=32768"
    "memorysetup-temp-allocator-size-job-worker=262144"
    "memorysetup-temp-allocator-size-preload-manager=33554432"
    "memorysetup-temp-allocator-size-nav-mesh-worker=65536"
    "memorysetup-temp-allocator-size-audio-worker=65536"
    "memorysetup-temp-allocator-size-cloud-worker=32768"
    "memorysetup-temp-allocator-size-gi-baking-worker=262144"
    "memorysetup-temp-allocator-size-gfx=262144"
Player connection [29952] Host "[IP] 192.168.0.182 [Port] 0 [Flags] 2 [Guid] 1458515629 [EditorId] 1458515629 [Version] 1048832 [Id] WindowsEditor(7,DESKTOP-80LS7DC) [Debug] 1 [PackageName] WindowsEditor [ProjectName] Editor" joined multi-casting on [225.0.0.222:54997]...

Player connection [29952] Host "[IP] 192.168.0.182 [Port] 0 [Flags] 2 [Guid] 1458515629 [EditorId] 1458515629 [Version] 1048832 [Id] WindowsEditor(7,DESKTOP-80LS7DC) [Debug] 1 [PackageName] WindowsEditor [ProjectName] Editor" joined alternative multi-casting on [225.0.0.222:34997]...

Refreshing native plugins compatible for Editor in 130.46 ms, found 5 plugins.
Preloading 0 native plugins for Editor in 0.00 ms.
Initialize engine version: 2021.3.26f1 (a16dc32e0ff2)
[Subsystems] Discovering subsystems at path C:/Program Files/Unity/Hub/Editor/2021.3.26f1/Editor/Data/Resources/UnitySubsystems
[Subsystems] Discovering subsystems at path C:/AGJ/AGJ/Assets
GfxDevice: creating device client; threaded=0; jobified=0
d3d12: loaded!
Direct3D:
    Version:         Direct3D 12 [level 12.1]
    Renderer:        NVIDIA GeForce RTX 2060 (ID=0x1f08)
    Vendor:          NVIDIA
    VRAM:            5968 MB
    App VRAM Budget: 5200 MB
    Driver:          31.0.15.3598
d3d12: Profiler is enabled, but stable power state is not. GPU timing errors are expected.
Initialize mono
Mono path[0] = 'C:/Program Files/Unity/Hub/Editor/2021.3.26f1/Editor/Data/Managed'
Mono path[1] = 'C:/Program Files/Unity/Hub/Editor/2021.3.26f1/Editor/Data/MonoBleedingEdge/lib/mono/unityjit-win32'
Mono config path = 'C:/Program Files/Unity/Hub/Editor/2021.3.26f1/Editor/Data/MonoBleedingEdge/etc'
Using monoOptions --debugger-agent=transport=dt_socket,embedding=1,server=y,suspend=n,address=127.0.0.1:56732
Begin MonoManager ReloadAssembly
Registering precompiled unity dll's ...
Register platform support module: C:/Program Files/Unity/Hub/Editor/2021.3.26f1/Editor/Data/PlaybackEngines/WindowsStandaloneSupport/UnityEditor.WindowsStandalone.Extensions.dll
Registered in 0.003258 seconds.
Native extension for WindowsStandalone target not found
Refreshing native plugins compatible for Editor in 100.67 ms, found 5 plugins.
Preloading 0 native plugins for Editor in 0.00 ms.
Mono: successfully reloaded assembly
- Completed reload, in  0.447 seconds
Domain Reload Profiling:
	ReloadAssembly (448ms)
		BeginReloadAssembly (60ms)
			ExecutionOrderSort (0ms)
			DisableScriptedObjects (0ms)
			BackupInstance (0ms)
			ReleaseScriptingObjects (0ms)
			CreateAndSetChildDomain (1ms)
		EndReloadAssembly (327ms)
			LoadAssemblies (59ms)
			RebuildTransferFunctionScriptingTraits (0ms)
			SetupTypeCache (61ms)
			ReleaseScriptCaches (0ms)
			RebuildScriptCaches (14ms)
			SetupLoadedEditorAssemblies (222ms)
				LogAssemblyErrors (0ms)
				InitializePlatformSupportModulesInManaged (4ms)
				SetLoadedEditorAssemblies (0ms)
				RefreshPlugins (101ms)
				BeforeProcessingInitializeOnLoad (1ms)
				ProcessInitializeOnLoadAttributes (86ms)
				ProcessInitializeOnLoadMethodAttributes (30ms)
				AfterProcessingInitializeOnLoad (0ms)
				EditorAssembliesLoaded (0ms)
			ExecutionOrderSort2 (0ms)
			AwakeInstancesAfterBackupRestoration (0ms)
Platform modules already initialized, skipping
Registering precompiled user dll's ...
Registered in 0.006921 seconds.
Begin MonoManager ReloadAssembly
Symbol file LoadedFromMemory doesn't match image C:\AGJ\AGJ\Library\PackageCache\com.unity.visualscripting@1.8.0\Editor\VisualScripting.Core\Dependencies\DotNetZip\Unity.VisualScripting.IonicZip.dll
Symbol file LoadedFromMemory doesn't match image C:\AGJ\AGJ\Library\PackageCache\com.unity.visualscripting@1.8.0\Editor\VisualScripting.Core\Dependencies\YamlDotNet\Unity.VisualScripting.YamlDotNet.dll
Native extension for WindowsStandalone target not found
Refreshing native plugins compatible for Editor in 91.00 ms, found 5 plugins.
Preloading 0 native plugins for Editor in 0.00 ms.
Mono: successfully reloaded assembly
- Completed reload, in  1.163 seconds
Domain Reload Profiling:
	ReloadAssembly (1163ms)
		BeginReloadAssembly (88ms)
			ExecutionOrderSort (0ms)
			DisableScriptedObjects (3ms)
			BackupInstance (0ms)
			ReleaseScriptingObjects (0ms)
			CreateAndSetChildDomain (18ms)
		EndReloadAssembly (1003ms)
			LoadAssemblies (78ms)
			RebuildTransferFunctionScriptingTraits (0ms)
			SetupTypeCache (249ms)
			ReleaseScriptCaches (1ms)
			RebuildScriptCaches (60ms)
			SetupLoadedEditorAssemblies (596ms)
				LogAssemblyErrors (0ms)
				InitializePlatformSupportModulesInManaged (2ms)
				SetLoadedEditorAssemblies (0ms)
				RefreshPlugins (91ms)
				BeforeProcessingInitializeOnLoad (84ms)
				ProcessInitializeOnLoadAttributes (298ms)
				ProcessInitializeOnLoadMethodAttributes (116ms)
				AfterProcessingInitializeOnLoad (4ms)
				EditorAssembliesLoaded (0ms)
			ExecutionOrderSort2 (0ms)
			AwakeInstancesAfterBackupRestoration (4ms)
Platform modules already initialized, skipping
========================================================================
Worker process is ready to serve import requests
Launched and connected shader compiler UnityShaderCompiler.exe after 0.03 seconds
Refreshing native plugins compatible for Editor in 1.15 ms, found 5 plugins.
Preloading 0 native plugins for Editor in 0.00 ms.
Unloading 7460 Unused Serialized files (Serialized files now loaded: 0)
Unloading 120 unused Assets / (4.3 MB). Loaded Objects now: 7862.
Memory consumption went from 359.3 MB to 355.0 MB.
Total: 4.629200 ms (FindLiveObjects: 0.454800 ms CreateObjectMapping: 0.282100 ms MarkObjects: 2.875400 ms  DeleteObjects: 1.015900 ms)

AssetImportParameters requested are different than current active one (requested -> active):
  custom:video-decoder-ogg-theora: a1e56fd34408186e4bbccfd4996cb3dc -> 
  custom:container-muxer-webm: aa71ff27fc2769a1b78a27578f13a17b -> 
  custom:container-demuxer-webm: 4f35f7cbe854078d1ac9338744f61a02 -> 
  custom:video-encoder-webm-vp8: eb34c28f22e8b96e1ab97ce403110664 -> 
  custom:video-codec-MediaFoundation-h265: 746d11721c4dcdbdad8f713fa42b33f4 -> 
  custom:audio-encoder-webm-vorbis: bf7c407c2cedff20999df2af8eb42d56 -> 
  custom:framework-win-MediaFoundation: 216162199b28c13a410421893ffa2e32 -> 
  custom:container-demuxer-ogg: 62fdf1f143b41e24485cea50d1cbac27 -> 
  custom:video-decoder-webm-vp8: 9c59270c3fd7afecdb556c50c9e8de78 -> 
  custom:audio-decoder-ogg-vorbis: bf7c407c2cedff20999df2af8eb42d56 -> 
========================================================================
Received Import Request.
  Time since last request: 163782.942995 seconds.
  path: Assets/Assets/ModularBuilding/FInal/wood_planks_dirt_diff_4k.png
  artifactKey: Guid(d3f73353bfd5b1345b4d51c49c2f406c) Importer(815301076,1909f56bfc062723c751e8b465ee728b)
Start importing Assets/Assets/ModularBuilding/FInal/wood_planks_dirt_diff_4k.png using Guid(d3f73353bfd5b1345b4d51c49c2f406c) Importer(815301076,1909f56bfc062723c751e8b465ee728b)  -> (artifact id: '11a5f04447477aba68d94566ffa3d4cc') in 0.065096 seconds 
========================================================================
Received Import Request.
  Time since last request: 0.000033 seconds.
  path: Assets/Assets/ModularBuilding/FInal/AGJ_Door.fbx
  artifactKey: Guid(51cfaae66f6c97a49ba04f1029f679c6) Importer(815301076,1909f56bfc062723c751e8b465ee728b)
Start importing Assets/Assets/ModularBuilding/FInal/AGJ_Door.fbx using Guid(51cfaae66f6c97a49ba04f1029f679c6) Importer(815301076,1909f56bfc062723c751e8b465ee728b) d3d12: upload buffer was full! Waited for COPY queue for 1.576 ms.
d3d12: upload buffer was full! Waited for COPY queue for 1.067 ms.
Error assigning CUBE texture to 2D texture property '_MainTex': Dimensions must match
UnityEngine.StackTraceUtility:ExtractStackTrace ()
UnityEngine.Rendering.ScriptableRenderContext:Internal_Cull (UnityEngine.Rendering.ScriptableCullingParameters&,UnityEngine.Rendering.ScriptableRenderContext,intptr)
UnityEngine.Rendering.ScriptableRenderContext:Cull (UnityEngine.Rendering.ScriptableCullingParameters&)
UnityEngine.Rendering.HighDefinition.HDRenderPipeline:TryCull (UnityEngine.Camera,UnityEngine.Rendering.HighDefinition.HDCamera,UnityEngine.Rendering.ScriptableRenderContext,UnityEngine.Rendering.HighDefinition.SkyManager,UnityEngine.Rendering.ScriptableCullingParameters,UnityEngine.Rendering.HighDefinition.HDRenderPipelineAsset,UnityEngine.Rendering.HighDefinition.HDRenderPipeline/HDCullingResults&) (at Library/PackageCache/com.unity.render-pipelines.high-definition@12.1.11/Runtime/RenderPipeline/HDRenderPipeline.cs:2477)
UnityEngine.Rendering.HighDefinition.HDRenderPipeline:Render (UnityEngine.Rendering.ScriptableRenderContext,System.Collections.Generic.List`1<UnityEngine.Camera>) (at Library/PackageCache/com.unity.render-pipelines.high-definition@12.1.11/Runtime/RenderPipeline/HDRenderPipeline.cs:1338)
UnityEngine.Rendering.RenderPipeline:InternalRender (UnityEngine.Rendering.ScriptableRenderContext,System.Collections.Generic.List`1<UnityEngine.Camera>)
UnityEngine.Rendering.RenderPipelineManager:DoRenderLoop_Internal (UnityEngine.Rendering.RenderPipelineAsset,intptr,System.Collections.Generic.List`1<UnityEngine.Camera/RenderRequest>,Unity.Collections.LowLevel.Unsafe.AtomicSafetyHandle)
UnityEditor.PreviewRenderUtility:Render (bool,bool)
UnityEditor.GameObjectInspector:DoRenderPreview ()
UnityEditor.GameObjectInspector:RenderStaticPreview (string,UnityEngine.Object[],int,int)
UnityEditor.AssetPreviewUpdater:CreatePreview (UnityEngine.Object,UnityEngine.Object[],string,int,int)
UnityEditor.AssetPreviewUpdater:CreatePreviewForAsset (UnityEngine.Object,UnityEngine.Object[],string)

[Library/PackageCache/com.unity.render-pipelines.high-definition@12.1.11/Runtime/RenderPipeline/HDRenderPipeline.cs line 2477]

Error assigning CUBE texture to 2D texture property '_BaseColorMap': Dimensions must match
UnityEngine.StackTraceUtility:ExtractStackTrace ()
UnityEngine.Rendering.ScriptableRenderContext:Internal_Cull (UnityEngine.Rendering.ScriptableCullingParameters&,UnityEngine.Rendering.ScriptableRenderContext,intptr)
UnityEngine.Rendering.ScriptableRenderContext:Cull (UnityEngine.Rendering.ScriptableCullingParameters&)
UnityEngine.Rendering.HighDefinition.HDRenderPipeline:TryCull (UnityEngine.Camera,UnityEngine.Rendering.HighDefinition.HDCamera,UnityEngine.Rendering.ScriptableRenderContext,UnityEngine.Rendering.HighDefinition.SkyManager,UnityEngine.Rendering.ScriptableCullingParameters,UnityEngine.Rendering.HighDefinition.HDRenderPipelineAsset,UnityEngine.Rendering.HighDefinition.HDRenderPipeline/HDCullingResults&) (at Library/PackageCache/com.unity.render-pipelines.high-definition@12.1.11/Runtime/RenderPipeline/HDRenderPipeline.cs:2477)
UnityEngine.Rendering.HighDefinition.HDRenderPipeline:Render (UnityEngine.Rendering.ScriptableRenderContext,System.Collections.Generic.List`1<UnityEngine.Camera>) (at Library/PackageCache/com.unity.render-pipelines.high-definition@12.1.11/Runtime/RenderPipeline/HDRenderPipeline.cs:1338)
UnityEngine.Rendering.RenderPipeline:InternalRender (UnityEngine.Rendering.ScriptableRenderContext,System.Collections.Generic.List`1<UnityEngine.Camera>)
UnityEngine.Rendering.RenderPipelineManager:DoRenderLoop_Internal (UnityEngine.Rendering.RenderPipelineAsset,intptr,System.Collections.Generic.List`1<UnityEngine.Camera/RenderRequest>,Unity.Collections.LowLevel.Unsafe.AtomicSafetyHandle)
UnityEditor.PreviewRenderUtility:Render (bool,bool)
UnityEditor.GameObjectInspector:DoRenderPreview ()
UnityEditor.GameObjectInspector:RenderStaticPreview (string,UnityEngine.Object[],int,int)
UnityEditor.AssetPreviewUpdater:CreatePreview (UnityEngine.Object,UnityEngine.Object[],string,int,int)
UnityEditor.AssetPreviewUpdater:CreatePreviewForAsset (UnityEngine.Object,UnityEngine.Object[],string)

[Library/PackageCache/com.unity.render-pipelines.high-definition@12.1.11/Runtime/RenderPipeline/HDRenderPipeline.cs line 2477]

Error assigning CUBE texture to 2D texture property '_MainTex': Dimensions must match
UnityEngine.StackTraceUtility:ExtractStackTrace ()
UnityEngine.Material:SetTexture (string,UnityEngine.Texture)
UnityEditor.Rendering.HighDefinition.BaseUnlitGUI:SetupMainTexForAlphaTestGI (UnityEngine.Material,string,string) (at Library/PackageCache/com.unity.render-pipelines.high-definition@12.1.11/Editor/Material/Unlit/BaseUnlitGUI.cs:283)
UnityEditor.Rendering.HighDefinition.BaseLitGUI:SetupBaseLitKeywords (UnityEngine.Material) (at Library/PackageCache/com.unity.render-pipelines.high-definition@12.1.11/Editor/Material/Lit/BaseLitGUI.cs:127)
UnityEditor.Rendering.HighDefinition.LitGUI:SetupLitKeywordsAndPass (UnityEngine.Material) (at Library/PackageCache/com.unity.render-pipelines.high-definition@12.1.11/Editor/Material/Lit/LitGUI.cs:81)
UnityEditor.Rendering.HighDefinition.LitGUI:ValidateMaterial (UnityEngine.Material) (at Library/PackageCache/com.unity.render-pipelines.high-definition@12.1.11/Editor/Material/Lit/LitGUI.cs:76)
UnityEditor.ShaderGUIUtility:ValidateMaterial (UnityEngine.Material)
UnityEngine.Rendering.ScriptableRenderContext:Internal_Cull (UnityEngine.Rendering.ScriptableCullingParameters&,UnityEngine.Rendering.ScriptableRenderContext,intptr)
UnityEngine.Rendering.ScriptableRenderContext:Cull (UnityEngine.Rendering.ScriptableCullingParameters&)
UnityEngine.Rendering.HighDefinition.HDRenderPipeline:TryCull (UnityEngine.Camera,UnityEngine.Rendering.HighDefinition.HDCamera,UnityEngine.Rendering.ScriptableRenderContext,UnityEngine.Rendering.HighDefinition.SkyManager,UnityEngine.Rendering.ScriptableCullingParameters,UnityEngine.Rendering.HighDefinition.HDRenderPipelineAsset,UnityEngine.Rendering.HighDefinition.HDRenderPipeline/HDCullingResults&) (at Library/PackageCache/com.unity.render-pipelines.high-definition@12.1.11/Runtime/RenderPipeline/HDRenderPipeline.cs:2477)
UnityEngine.Rendering.HighDefinition.HDRenderPipeline:Render (UnityEngine.Rendering.ScriptableRenderContext,System.Collections.Generic.List`1<UnityEngine.Camera>) (at Library/PackageCache/com.unity.render-pipelines.high-definition@12.1.11/Runtime/RenderPipeline/HDRenderPipeline.cs:1338)
UnityEngine.Rendering.RenderPipeline:InternalRender (UnityEngine.Rendering.ScriptableRenderContext,System.Collections.Generic.List`1<UnityEngine.Camera>)
UnityEngine.Rendering.RenderPipelineManager:DoRenderLoop_Internal (UnityEngine.Rendering.RenderPipelineAsset,intptr,System.Collections.Generic.List`1<UnityEngine.Camera/RenderRequest>,Unity.Collections.LowLevel.Unsafe.AtomicSafetyHandle)
UnityEditor.PreviewRenderUtility:Render (bool,bool)
UnityEditor.GameObjectInspector:DoRenderPreview ()
UnityEditor.GameObjectInspector:RenderStaticPreview (string,UnityEngine.Object[],int,int)
UnityEditor.AssetPreviewUpdater:CreatePreview (UnityEngine.Object,UnityEngine.Object[],string,int,int)
UnityEditor.AssetPreviewUpdater:CreatePreviewForAsset (UnityEngine.Object,UnityEngine.Object[],string)

[Library/PackageCache/com.unity.render-pipelines.high-definition@12.1.11/Editor/Material/Unlit/BaseUnlitGUI.cs line 283]

d3d12: upload buffer was full! Waited for COPY queue for 0.939 ms.
d3d12: upload buffer was full! Waited for COPY queue for 1.360 ms.
d3d12: upload buffer was full! Waited for COPY queue for 0.503 ms.
d3d12: upload buffer was full! Waited for COPY queue for 1.346 ms.
d3d12: upload buffer was full! Waited for COPY queue for 0.507 ms.
d3d12: upload buffer was full! Waited for COPY queue for 1.356 ms.
d3d12: upload buffer was full! Waited for COPY queue for 0.501 ms.
d3d12: upload buffer was full! Waited for COPY queue for 1.344 ms.
d3d12: upload buffer was full! Waited for COPY queue for 0.534 ms.
d3d12: upload buffer was full! Waited for COPY queue for 1.334 ms.
d3d12: upload buffer was full! Waited for COPY queue for 0.504 ms.
d3d12: upload buffer was full! Waited for COPY queue for 1.390 ms.
Error assigning CUBE texture to 2D texture property '_MainTex': Dimensions must match
UnityEngine.StackTraceUtility:ExtractStackTrace ()
UnityEngine.Rendering.ScriptableRenderContext:Internal_Cull (UnityEngine.Rendering.ScriptableCullingParameters&,UnityEngine.Rendering.ScriptableRenderContext,intptr)
UnityEngine.Rendering.ScriptableRenderContext:Cull (UnityEngine.Rendering.ScriptableCullingParameters&)
UnityEngine.Rendering.HighDefinition.HDRenderPipeline:TryCull (UnityEngine.Camera,UnityEngine.Rendering.HighDefinition.HDCamera,UnityEngine.Rendering.ScriptableRenderContext,UnityEngine.Rendering.HighDefinition.SkyManager,UnityEngine.Rendering.ScriptableCullingParameters,UnityEngine.Rendering.HighDefinition.HDRenderPipelineAsset,UnityEngine.Rendering.HighDefinition.HDRenderPipeline/HDCullingResults&) (at Library/PackageCache/com.unity.render-pipelines.high-definition@12.1.11/Runtime/RenderPipeline/HDRenderPipeline.cs:2477)
UnityEngine.Rendering.HighDefinition.HDRenderPipeline:Render (UnityEngine.Rendering.ScriptableRenderContext,System.Collections.Generic.List`1<UnityEngine.Camera>) (at Library/PackageCache/com.unity.render-pipelines.high-definition@12.1.11/Runtime/RenderPipeline/HDRenderPipeline.cs:1338)
UnityEngine.Rendering.RenderPipeline:InternalRender (UnityEngine.Rendering.ScriptableRenderContext,System.Collections.Generic.List`1<UnityEngine.Camera>)
UnityEngine.Rendering.RenderPipelineManager:DoRenderLoop_Internal (UnityEngine.Rendering.RenderPipelineAsset,intptr,System.Collections.Generic.List`1<UnityEngine.Camera/RenderRequest>,Unity.Collections.LowLevel.Unsafe.AtomicSafetyHandle)
UnityEditor.PreviewRenderUtility:Render (bool,bool)
UnityEditor.GameObjectInspector:DoRenderPreview ()
UnityEditor.GameObjectInspector:RenderStaticPreview (string,UnityEngine.Object[],int,int)
UnityEditor.AssetPreviewUpdater:CreatePreview (UnityEngine.Object,UnityEngine.Object[],string,int,int)
UnityEditor.AssetPreviewUpdater:CreatePreviewForAsset (UnityEngine.Object,UnityEngine.Object[],string)

[Library/PackageCache/com.unity.render-pipelines.high-definition@12.1.11/Runtime/RenderPipeline/HDRenderPipeline.cs line 2477]

Error assigning CUBE texture to 2D texture property '_BaseColorMap': Dimensions must match
UnityEngine.StackTraceUtility:ExtractStackTrace ()
UnityEngine.Rendering.ScriptableRenderContext:Internal_Cull (UnityEngine.Rendering.ScriptableCullingParameters&,UnityEngine.Rendering.ScriptableRenderContext,intptr)
UnityEngine.Rendering.ScriptableRenderContext:Cull (UnityEngine.Rendering.ScriptableCullingParameters&)
UnityEngine.Rendering.HighDefinition.HDRenderPipeline:TryCull (UnityEngine.Camera,UnityEngine.Rendering.HighDefinition.HDCamera,UnityEngine.Rendering.ScriptableRenderContext,UnityEngine.Rendering.HighDefinition.SkyManager,UnityEngine.Rendering.ScriptableCullingParameters,UnityEngine.Rendering.HighDefinition.HDRenderPipelineAsset,UnityEngine.Rendering.HighDefinition.HDRenderPipeline/HDCullingResults&) (at Library/PackageCache/com.unity.render-pipelines.high-definition@12.1.11/Runtime/RenderPipeline/HDRenderPipeline.cs:2477)
UnityEngine.Rendering.HighDefinition.HDRenderPipeline:Render (UnityEngine.Rendering.ScriptableRenderContext,System.Collections.Generic.List`1<UnityEngine.Camera>) (at Library/PackageCache/com.unity.render-pipelines.high-definition@12.1.11/Runtime/RenderPipeline/HDRenderPipeline.cs:1338)
UnityEngine.Rendering.RenderPipeline:InternalRender (UnityEngine.Rendering.ScriptableRenderContext,System.Collections.Generic.List`1<UnityEngine.Camera>)
UnityEngine.Rendering.RenderPipelineManager:DoRenderLoop_Internal (UnityEngine.Rendering.RenderPipelineAsset,intptr,System.Collections.Generic.List`1<UnityEngine.Camera/RenderRequest>,Unity.Collections.LowLevel.Unsafe.AtomicSafetyHandle)
UnityEditor.PreviewRenderUtility:Render (bool,bool)
UnityEditor.GameObjectInspector:DoRenderPreview ()
UnityEditor.GameObjectInspector:RenderStaticPreview (string,UnityEngine.Object[],int,int)
UnityEditor.AssetPreviewUpdater:CreatePreview (UnityEngine.Object,UnityEngine.Object[],string,int,int)
UnityEditor.AssetPreviewUpdater:CreatePreviewForAsset (UnityEngine.Object,UnityEngine.Object[],string)

[Library/PackageCache/com.unity.render-pipelines.high-definition@12.1.11/Runtime/RenderPipeline/HDRenderPipeline.cs line 2477]

Error assigning CUBE texture to 2D texture property '_MainTex': Dimensions must match
UnityEngine.StackTraceUtility:ExtractStackTrace ()
UnityEngine.Material:SetTexture (string,UnityEngine.Texture)
UnityEditor.Rendering.HighDefinition.BaseUnlitGUI:SetupMainTexForAlphaTestGI (UnityEngine.Material,string,string) (at Library/PackageCache/com.unity.render-pipelines.high-definition@12.1.11/Editor/Material/Unlit/BaseUnlitGUI.cs:283)
UnityEditor.Rendering.HighDefinition.BaseLitGUI:SetupBaseLitKeywords (UnityEngine.Material) (at Library/PackageCache/com.unity.render-pipelines.high-definition@12.1.11/Editor/Material/Lit/BaseLitGUI.cs:127)
UnityEditor.Rendering.HighDefinition.LitGUI:SetupLitKeywordsAndPass (UnityEngine.Material) (at Library/PackageCache/com.unity.render-pipelines.high-definition@12.1.11/Editor/Material/Lit/LitGUI.cs:81)
UnityEditor.Rendering.HighDefinition.LitGUI:ValidateMaterial (UnityEngine.Material) (at Library/PackageCache/com.unity.render-pipelines.high-definition@12.1.11/Editor/Material/Lit/LitGUI.cs:76)
UnityEditor.ShaderGUIUtility:ValidateMaterial (UnityEngine.Material)
UnityEngine.Rendering.ScriptableRenderContext:Internal_Cull (UnityEngine.Rendering.ScriptableCullingParameters&,UnityEngine.Rendering.ScriptableRenderContext,intptr)
UnityEngine.Rendering.ScriptableRenderContext:Cull (UnityEngine.Rendering.ScriptableCullingParameters&)
UnityEngine.Rendering.HighDefinition.HDRenderPipeline:TryCull (UnityEngine.Camera,UnityEngine.Rendering.HighDefinition.HDCamera,UnityEngine.Rendering.ScriptableRenderContext,UnityEngine.Rendering.HighDefinition.SkyManager,UnityEngine.Rendering.ScriptableCullingParameters,UnityEngine.Rendering.HighDefinition.HDRenderPipelineAsset,UnityEngine.Rendering.HighDefinition.HDRenderPipeline/HDCullingResults&) (at Library/PackageCache/com.unity.render-pipelines.high-definition@12.1.11/Runtime/RenderPipeline/HDRenderPipeline.cs:2477)
UnityEngine.Rendering.HighDefinition.HDRenderPipeline:Render (UnityEngine.Rendering.ScriptableRenderContext,System.Collections.Generic.List`1<UnityEngine.Camera>) (at Library/PackageCache/com.unity.render-pipelines.high-definition@12.1.11/Runtime/RenderPipeline/HDRenderPipeline.cs:1338)
UnityEngine.Rendering.RenderPipeline:InternalRender (UnityEngine.Rendering.ScriptableRenderContext,System.Collections.Generic.List`1<UnityEngine.Camera>)
UnityEngine.Rendering.RenderPipelineManager:DoRenderLoop_Internal (UnityEngine.Rendering.RenderPipelineAsset,intptr,System.Collections.Generic.List`1<UnityEngine.Camera/RenderRequest>,Unity.Collections.LowLevel.Unsafe.AtomicSafetyHandle)
UnityEditor.PreviewRenderUtility:Render (bool,bool)
UnityEditor.GameObjectInspector:DoRenderPreview ()
UnityEditor.GameObjectInspector:RenderStaticPreview (string,UnityEngine.Object[],int,int)
UnityEditor.AssetPreviewUpdater:CreatePreview (UnityEngine.Object,UnityEngine.Object[],string,int,int)
UnityEditor.AssetPreviewUpdater:CreatePreviewForAsset (UnityEngine.Object,UnityEngine.Object[],string)

[Library/PackageCache/com.unity.render-pipelines.high-definition@12.1.11/Editor/Material/Unlit/BaseUnlitGUI.cs line 283]

Launched and connected shader compiler UnityShaderCompiler.exe after 0.05 seconds
Launched and connected shader compiler UnityShaderCompiler.exe after 0.05 seconds
Launched and connected shader compiler UnityShaderCompiler.exe after 0.04 seconds
Launched and connected shader compiler UnityShaderCompiler.exe after 0.11 seconds
Launched and connected shader compiler UnityShaderCompiler.exe after 0.45 seconds
Launched and connected shader compiler UnityShaderCompiler.exe after 0.34 seconds
Launched and connected shader compiler UnityShaderCompiler.exe after 0.72 seconds
Launched and connected shader compiler UnityShaderCompiler.exe after 0.77 seconds
Launched and connected shader compiler UnityShaderCompiler.exe after 1.28 seconds
Launched and connected shader compiler UnityShaderCompiler.exe after 1.44 seconds
Launched and connected shader compiler UnityShaderCompiler.exe after 1.90 seconds
 -> (artifact id: '36c75e53a8fbfe30f6a1f111d8181911') in 33.314403 seconds 
========================================================================
Received Import Request.
  Time since last request: 3.850591 seconds.
  path: Assets/Assets/ModularBuilding/FInal/AFJ_Wall3.fbx
  artifactKey: Guid(281431f366cdc4944a8830a65c33fd74) Importer(815301076,1909f56bfc062723c751e8b465ee728b)
Start importing Assets/Assets/ModularBuilding/FInal/AFJ_Wall3.fbx using Guid(281431f366cdc4944a8830a65c33fd74) Importer(815301076,1909f56bfc062723c751e8b465ee728b) d3d12: upload buffer was full! Waited for COPY queue for 0.060 ms.
d3d12: upload buffer was full! Waited for COPY queue for 1.663 ms.
d3d12: upload buffer was full! Waited for COPY queue for 0.626 ms.
d3d12: upload buffer was full! Waited for COPY queue for 2.585 ms.
d3d12: upload buffer was full! Waited for COPY queue for 0.887 ms.
d3d12: upload buffer was full! Waited for COPY queue for 2.584 ms.
d3d12: upload buffer was full! Waited for COPY queue for 0.902 ms.
d3d12: upload buffer was full! Waited for COPY queue for 1.313 ms.
d3d12: upload buffer was full! Waited for COPY queue for 1.093 ms.
d3d12: upload buffer was full! Waited for COPY queue for 1.316 ms.
d3d12: upload buffer was full! Waited for COPY queue for 0.940 ms.
d3d12: upload buffer was full! Waited for COPY queue for 1.316 ms.
Error assigning CUBE texture to 2D texture property '_MainTex': Dimensions must match
UnityEngine.StackTraceUtility:ExtractStackTrace ()
UnityEngine.Rendering.ScriptableRenderContext:Internal_Cull (UnityEngine.Rendering.ScriptableCullingParameters&,UnityEngine.Rendering.ScriptableRenderContext,intptr)
UnityEngine.Rendering.ScriptableRenderContext:Cull (UnityEngine.Rendering.ScriptableCullingParameters&)
UnityEngine.Rendering.HighDefinition.HDRenderPipeline:TryCull (UnityEngine.Camera,UnityEngine.Rendering.HighDefinition.HDCamera,UnityEngine.Rendering.ScriptableRenderContext,UnityEngine.Rendering.HighDefinition.SkyManager,UnityEngine.Rendering.ScriptableCullingParameters,UnityEngine.Rendering.HighDefinition.HDRenderPipelineAsset,UnityEngine.Rendering.HighDefinition.HDRenderPipeline/HDCullingResults&) (at Library/PackageCache/com.unity.render-pipelines.high-definition@12.1.11/Runtime/RenderPipeline/HDRenderPipeline.cs:2477)
UnityEngine.Rendering.HighDefinition.HDRenderPipeline:Render (UnityEngine.Rendering.ScriptableRenderContext,System.Collections.Generic.List`1<UnityEngine.Camera>) (at Library/PackageCache/com.unity.render-pipelines.high-definition@12.1.11/Runtime/RenderPipeline/HDRenderPipeline.cs:1338)
UnityEngine.Rendering.RenderPipeline:InternalRender (UnityEngine.Rendering.ScriptableRenderContext,System.Collections.Generic.List`1<UnityEngine.Camera>)
UnityEngine.Rendering.RenderPipelineManager:DoRenderLoop_Internal (UnityEngine.Rendering.RenderPipelineAsset,intptr,System.Collections.Generic.List`1<UnityEngine.Camera/RenderRequest>,Unity.Collections.LowLevel.Unsafe.AtomicSafetyHandle)
UnityEditor.PreviewRenderUtility:Render (bool,bool)
UnityEditor.GameObjectInspector:DoRenderPreview ()
UnityEditor.GameObjectInspector:RenderStaticPreview (string,UnityEngine.Object[],int,int)
UnityEditor.AssetPreviewUpdater:CreatePreview (UnityEngine.Object,UnityEngine.Object[],string,int,int)
UnityEditor.AssetPreviewUpdater:CreatePreviewForAsset (UnityEngine.Object,UnityEngine.Object[],string)

[Library/PackageCache/com.unity.render-pipelines.high-definition@12.1.11/Runtime/RenderPipeline/HDRenderPipeline.cs line 2477]

Error assigning CUBE texture to 2D texture property '_BaseColorMap': Dimensions must match
UnityEngine.StackTraceUtility:ExtractStackTrace ()
UnityEngine.Rendering.ScriptableRenderContext:Internal_Cull (UnityEngine.Rendering.ScriptableCullingParameters&,UnityEngine.Rendering.ScriptableRenderContext,intptr)
UnityEngine.Rendering.ScriptableRenderContext:Cull (UnityEngine.Rendering.ScriptableCullingParameters&)
UnityEngine.Rendering.HighDefinition.HDRenderPipeline:TryCull (UnityEngine.Camera,UnityEngine.Rendering.HighDefinition.HDCamera,UnityEngine.Rendering.ScriptableRenderContext,UnityEngine.Rendering.HighDefinition.SkyManager,UnityEngine.Rendering.ScriptableCullingParameters,UnityEngine.Rendering.HighDefinition.HDRenderPipelineAsset,UnityEngine.Rendering.HighDefinition.HDRenderPipeline/HDCullingResults&) (at Library/PackageCache/com.unity.render-pipelines.high-definition@12.1.11/Runtime/RenderPipeline/HDRenderPipeline.cs:2477)
UnityEngine.Rendering.HighDefinition.HDRenderPipeline:Render (UnityEngine.Rendering.ScriptableRenderContext,System.Collections.Generic.List`1<UnityEngine.Camera>) (at Library/PackageCache/com.unity.render-pipelines.high-definition@12.1.11/Runtime/RenderPipeline/HDRenderPipeline.cs:1338)
UnityEngine.Rendering.RenderPipeline:InternalRender (UnityEngine.Rendering.ScriptableRenderContext,System.Collections.Generic.List`1<UnityEngine.Camera>)
UnityEngine.Rendering.RenderPipelineManager:DoRenderLoop_Internal (UnityEngine.Rendering.RenderPipelineAsset,intptr,System.Collections.Generic.List`1<UnityEngine.Camera/RenderRequest>,Unity.Collections.LowLevel.Unsafe.AtomicSafetyHandle)
UnityEditor.PreviewRenderUtility:Render (bool,bool)
UnityEditor.GameObjectInspector:DoRenderPreview ()
UnityEditor.GameObjectInspector:RenderStaticPreview (string,UnityEngine.Object[],int,int)
UnityEditor.AssetPreviewUpdater:CreatePreview (UnityEngine.Object,UnityEngine.Object[],string,int,int)
UnityEditor.AssetPreviewUpdater:CreatePreviewForAsset (UnityEngine.Object,UnityEngine.Object[],string)

[Library/PackageCache/com.unity.render-pipelines.high-definition@12.1.11/Runtime/RenderPipeline/HDRenderPipeline.cs line 2477]

Error assigning CUBE texture to 2D texture property '_MainTex': Dimensions must match
UnityEngine.StackTraceUtility:ExtractStackTrace ()
UnityEngine.Material:SetTexture (string,UnityEngine.Texture)
UnityEditor.Rendering.HighDefinition.BaseUnlitGUI:SetupMainTexForAlphaTestGI (UnityEngine.Material,string,string) (at Library/PackageCache/com.unity.render-pipelines.high-definition@12.1.11/Editor/Material/Unlit/BaseUnlitGUI.cs:283)
UnityEditor.Rendering.HighDefinition.BaseLitGUI:SetupBaseLitKeywords (UnityEngine.Material) (at Library/PackageCache/com.unity.render-pipelines.high-definition@12.1.11/Editor/Material/Lit/BaseLitGUI.cs:127)
UnityEditor.Rendering.HighDefinition.LitGUI:SetupLitKeywordsAndPass (UnityEngine.Material) (at Library/PackageCache/com.unity.render-pipelines.high-definition@12.1.11/Editor/Material/Lit/LitGUI.cs:81)
UnityEditor.Rendering.HighDefinition.LitGUI:ValidateMaterial (UnityEngine.Material) (at Library/PackageCache/com.unity.render-pipelines.high-definition@12.1.11/Editor/Material/Lit/LitGUI.cs:76)
UnityEditor.ShaderGUIUtility:ValidateMaterial (UnityEngine.Material)
UnityEngine.Rendering.ScriptableRenderContext:Internal_Cull (UnityEngine.Rendering.ScriptableCullingParameters&,UnityEngine.Rendering.ScriptableRenderContext,intptr)
UnityEngine.Rendering.ScriptableRenderContext:Cull (UnityEngine.Rendering.ScriptableCullingParameters&)
UnityEngine.Rendering.HighDefinition.HDRenderPipeline:TryCull (UnityEngine.Camera,UnityEngine.Rendering.HighDefinition.HDCamera,UnityEngine.Rendering.ScriptableRenderContext,UnityEngine.Rendering.HighDefinition.SkyManager,UnityEngine.Rendering.ScriptableCullingParameters,UnityEngine.Rendering.HighDefinition.HDRenderPipelineAsset,UnityEngine.Rendering.HighDefinition.HDRenderPipeline/HDCullingResults&) (at Library/PackageCache/com.unity.render-pipelines.high-definition@12.1.11/Runtime/RenderPipeline/HDRenderPipeline.cs:2477)
UnityEngine.Rendering.HighDefinition.HDRenderPipeline:Render (UnityEngine.Rendering.ScriptableRenderContext,System.Collections.Generic.List`1<UnityEngine.Camera>) (at Library/PackageCache/com.unity.render-pipelines.high-definition@12.1.11/Runtime/RenderPipeline/HDRenderPipeline.cs:1338)
UnityEngine.Rendering.RenderPipeline:InternalRender (UnityEngine.Rendering.ScriptableRenderContext,System.Collections.Generic.List`1<UnityEngine.Camera>)
UnityEngine.Rendering.RenderPipelineManager:DoRenderLoop_Internal (UnityEngine.Rendering.RenderPipelineAsset,intptr,System.Collections.Generic.List`1<UnityEngine.Camera/RenderRequest>,Unity.Collections.LowLevel.Unsafe.AtomicSafetyHandle)
UnityEditor.PreviewRenderUtility:Render (bool,bool)
UnityEditor.GameObjectInspector:DoRenderPreview ()
UnityEditor.GameObjectInspector:RenderStaticPreview (string,UnityEngine.Object[],int,int)
UnityEditor.AssetPreviewUpdater:CreatePreview (UnityEngine.Object,UnityEngine.Object[],string,int,int)
UnityEditor.AssetPreviewUpdater:CreatePreviewForAsset (UnityEngine.Object,UnityEngine.Object[],string)

[Library/PackageCache/com.unity.render-pipelines.high-definition@12.1.11/Editor/Material/Unlit/BaseUnlitGUI.cs line 283]

 -> (artifact id: 'c66097f8c3e88252ac7e798d8f619855') in 0.107177 seconds 
========================================================================
Received Import Request.
  Time since last request: 0.000038 seconds.
  path: Assets/Assets/ModularBuilding/FInal/white_plaster_rough_01_diff_4k 1.png
  artifactKey: Guid(f317c9333e16417489ef068cb27c11c3) Importer(815301076,1909f56bfc062723c751e8b465ee728b)
Start importing Assets/Assets/ModularBuilding/FInal/white_plaster_rough_01_diff_4k 1.png using Guid(f317c9333e16417489ef068cb27c11c3) Importer(815301076,1909f56bfc062723c751e8b465ee728b)  -> (artifact id: 'b130d7ad295cc62f5322db8b835a9aa2') in 0.010077 seconds 
========================================================================
Received Import Request.
  Time since last request: 0.000041 seconds.
  path: Assets/Assets/ModularBuilding/FInal/FloorPlanks.mat
  artifactKey: Guid(be40416dfb46bbf4993b6ecb6ab1fe6b) Importer(815301076,1909f56bfc062723c751e8b465ee728b)
Start importing Assets/Assets/ModularBuilding/FInal/FloorPlanks.mat using Guid(be40416dfb46bbf4993b6ecb6ab1fe6b) Importer(815301076,1909f56bfc062723c751e8b465ee728b)  -> (artifact id: '225859540862e8082f13bf092e553baa') in 0.412817 seconds 
========================================================================
Received Import Request.
  Time since last request: 8.267342 seconds.
  path: Assets/Settings/HDRP Balanced.asset
  artifactKey: Guid(3e2e6bfc59709614ab90c0cd7d755e48) Importer(815301076,1909f56bfc062723c751e8b465ee728b)
Start importing Assets/Settings/HDRP Balanced.asset using Guid(3e2e6bfc59709614ab90c0cd7d755e48) Importer(815301076,1909f56bfc062723c751e8b465ee728b)  -> (artifact id: 'b324abd3d02fa0c888b7e744745cade0') in 0.004356 seconds 
========================================================================
Received Import Request.
  Time since last request: 0.000025 seconds.
  path: Assets/Settings/HDRP Performant.asset
  artifactKey: Guid(168a2336534e4e043b2a210b6f8d379a) Importer(815301076,1909f56bfc062723c751e8b465ee728b)
Start importing Assets/Settings/HDRP Performant.asset using Guid(168a2336534e4e043b2a210b6f8d379a) Importer(815301076,1909f56bfc062723c751e8b465ee728b)  -> (artifact id: 'f8f68c5061079cbf75d6a3624907c865') in 0.002233 seconds 
========================================================================
Received Import Request.
  Time since last request: 51.418991 seconds.
  path: Assets/Assets/ModularBuilding/AGJ_Ceiling2.fbx
  artifactKey: Guid(bf9b94a30d07c224dadf2532ebb0ba3a) Importer(815301076,1909f56bfc062723c751e8b465ee728b)
Start importing Assets/Assets/ModularBuilding/AGJ_Ceiling2.fbx using Guid(bf9b94a30d07c224dadf2532ebb0ba3a) Importer(815301076,1909f56bfc062723c751e8b465ee728b)  -> (artifact id: '221eb41aebe0a92ce72f2ca456343f2d') in 0.035943 seconds 
========================================================================
Received Import Request.
  Time since last request: 0.000030 seconds.
  path: Assets/Assets/ModularBuilding/Blob.fbx
  artifactKey: Guid(3133daa99d3ff9849b4d3f04369b43d0) Importer(815301076,1909f56bfc062723c751e8b465ee728b)
Start importing Assets/Assets/ModularBuilding/Blob.fbx using Guid(3133daa99d3ff9849b4d3f04369b43d0) Importer(815301076,1909f56bfc062723c751e8b465ee728b)  -> (artifact id: '7b22f8861857982ac93a86848cd1b684') in 0.027192 seconds 
========================================================================
Received Import Request.
  Time since last request: 0.000036 seconds.
  path: Assets/Assets/ModularBuilding/AGJ_Floor 1.fbx
  artifactKey: Guid(d10b0c13b53f5244fa5f973991b16029) Importer(815301076,1909f56bfc062723c751e8b465ee728b)
Start importing Assets/Assets/ModularBuilding/AGJ_Floor 1.fbx using Guid(d10b0c13b53f5244fa5f973991b16029) Importer(815301076,1909f56bfc062723c751e8b465ee728b)  -> (artifact id: '5d4ec9f3bcf14b162f024b68cc9b134c') in 0.015636 seconds 
========================================================================
Received Import Request.
  Time since last request: 0.000051 seconds.
  path: Assets/Assets/ModularBuilding/AGJ_Wall02.fbx
  artifactKey: Guid(0ce81c96aa9bfae4e9e7462eee63c813) Importer(815301076,1909f56bfc062723c751e8b465ee728b)
Start importing Assets/Assets/ModularBuilding/AGJ_Wall02.fbx using Guid(0ce81c96aa9bfae4e9e7462eee63c813) Importer(815301076,1909f56bfc062723c751e8b465ee728b)  -> (artifact id: '264aaf7dcffd76d8029271b293b0d78a') in 0.019124 seconds 
========================================================================
Received Import Request.
  Time since last request: 0.000035 seconds.
  path: Assets/Assets/ModularBuilding/AGJ_Floor3.fbx
  artifactKey: Guid(40ba2c9bb44331f47afe030819682b72) Importer(815301076,1909f56bfc062723c751e8b465ee728b)
Start importing Assets/Assets/ModularBuilding/AGJ_Floor3.fbx using Guid(40ba2c9bb44331f47afe030819682b72) Importer(815301076,1909f56bfc062723c751e8b465ee728b)  -> (artifact id: '8419ec863dfc51d5ca09ccbfa387e183') in 0.016376 seconds 
========================================================================
Received Import Request.
  Time since last request: 3.827314 seconds.
  path: Assets/Assets/ModularBuilding/FInal/Trim_MaskMap.png
  artifactKey: Guid(8016ee556edde9c45a02b0ddd1b4e504) Importer(815301076,1909f56bfc062723c751e8b465ee728b)
Start importing Assets/Assets/ModularBuilding/FInal/Trim_MaskMap.png using Guid(8016ee556edde9c45a02b0ddd1b4e504) Importer(815301076,1909f56bfc062723c751e8b465ee728b) d3d12: upload buffer was full! Waited for COPY queue for 2.726 ms.
d3d12: upload buffer was full! Waited for COPY queue for 2.667 ms.
 -> (artifact id: '391fece57be28561b1cc7f136a08d37e') in 0.044471 seconds 
========================================================================
Received Import Request.
  Time since last request: 0.000046 seconds.
  path: Assets/Assets/ModularBuilding/FInal/wood_planks_dirt_nor_gl_4k 1.png
  artifactKey: Guid(ab82b013dccb9e841a3ee2f033b7c743) Importer(815301076,1909f56bfc062723c751e8b465ee728b)
Start importing Assets/Assets/ModularBuilding/FInal/wood_planks_dirt_nor_gl_4k 1.png using Guid(ab82b013dccb9e841a3ee2f033b7c743) Importer(815301076,1909f56bfc062723c751e8b465ee728b)  -> (artifact id: '300efeba7e2b42cf294ec7ae97bc9c45') in 0.019033 seconds 
========================================================================
Received Import Request.
  Time since last request: 0.000026 seconds.
  path: Assets/Assets/ModularBuilding/FInal/white_plaster_rough_01_nor_gl_4k.png
  artifactKey: Guid(a23ee48625751aa4a96c4547a6bcffc5) Importer(815301076,1909f56bfc062723c751e8b465ee728b)
Start importing Assets/Assets/ModularBuilding/FInal/white_plaster_rough_01_nor_gl_4k.png using Guid(a23ee48625751aa4a96c4547a6bcffc5) Importer(815301076,1909f56bfc062723c751e8b465ee728b)  -> (artifact id: '6c29443751a3cf509a27fb9c7281aa2f') in 0.009280 seconds 
========================================================================
Received Import Request.
  Time since last request: 67.019110 seconds.
  path: Assets/Assets/ModularBuilding/FInal/Trim_BaseMap 1.png
  artifactKey: Guid(fc238d8d7ffe6bc41bd0a6f3203a9392) Importer(815301076,1909f56bfc062723c751e8b465ee728b)
Start importing Assets/Assets/ModularBuilding/FInal/Trim_BaseMap 1.png using Guid(fc238d8d7ffe6bc41bd0a6f3203a9392) Importer(815301076,1909f56bfc062723c751e8b465ee728b)  -> (artifact id: '1a67d01adf459aae67c9dd3d699669ca') in 0.007075 seconds 
========================================================================
Received Prepare
Registering precompiled user dll's ...
Registered in 0.007262 seconds.
Begin MonoManager ReloadAssembly
Cleanup Blit
UnityEngine.StackTraceUtility:ExtractStackTrace ()
UnityEngine.DebugLogHandler:LogFormat (UnityEngine.LogType,UnityEngine.Object,string,object[])
UnityEngine.Logger:Log (UnityEngine.LogType,object)
UnityEngine.Debug:Log (object)
UnityEngine.Rendering.Blitter:Cleanup () (at Library/PackageCache/com.unity.render-pipelines.core@12.1.11/Runtime/Utilities/Blitter.cs:158)
UnityEngine.Rendering.HighDefinition.HDRenderPipeline:Dispose (bool) (at Library/PackageCache/com.unity.render-pipelines.high-definition@12.1.11/Runtime/RenderPipeline/HDRenderPipeline.cs:749)
UnityEngine.Rendering.RenderPipeline:Dispose ()
UnityEngine.Rendering.RenderPipelineManager:CleanupRenderPipeline ()
UnityEngine.Rendering.RenderPipelineAsset:OnDisable ()

(Filename: Library/PackageCache/com.unity.render-pipelines.core@12.1.11/Runtime/Utilities/Blitter.cs Line: 158)

Symbol file LoadedFromMemory doesn't match image C:\AGJ\AGJ\Library\PackageCache\com.unity.visualscripting@1.8.0\Editor\VisualScripting.Core\Dependencies\DotNetZip\Unity.VisualScripting.IonicZip.dll
Symbol file LoadedFromMemory doesn't match image C:\AGJ\AGJ\Library\PackageCache\com.unity.visualscripting@1.8.0\Editor\VisualScripting.Core\Dependencies\YamlDotNet\Unity.VisualScripting.YamlDotNet.dll
Native extension for WindowsStandalone target not found
Refreshing native plugins compatible for Editor in 1.04 ms, found 5 plugins.
Preloading 0 native plugins for Editor in 0.00 ms.
Mono: successfully reloaded assembly
- Completed reload, in  0.897 seconds
Domain Reload Profiling:
	ReloadAssembly (898ms)
		BeginReloadAssembly (124ms)
			ExecutionOrderSort (0ms)
			DisableScriptedObjects (15ms)
			BackupInstance (0ms)
			ReleaseScriptingObjects (0ms)
			CreateAndSetChildDomain (45ms)
		EndReloadAssembly (723ms)
			LoadAssemblies (57ms)
			RebuildTransferFunctionScriptingTraits (0ms)
			SetupTypeCache (193ms)
			ReleaseScriptCaches (2ms)
			RebuildScriptCaches (41ms)
			SetupLoadedEditorAssemblies (338ms)
				LogAssemblyErrors (0ms)
				InitializePlatformSupportModulesInManaged (3ms)
				SetLoadedEditorAssemblies (0ms)
				RefreshPlugins (1ms)
				BeforeProcessingInitializeOnLoad (56ms)
				ProcessInitializeOnLoadAttributes (257ms)
				ProcessInitializeOnLoadMethodAttributes (17ms)
				AfterProcessingInitializeOnLoad (4ms)
				EditorAssembliesLoaded (0ms)
			ExecutionOrderSort2 (0ms)
			AwakeInstancesAfterBackupRestoration (23ms)
Platform modules already initialized, skipping
Refreshing native plugins compatible for Editor in 6.08 ms, found 5 plugins.
Preloading 0 native plugins for Editor in 0.00 ms.
Unloading 7091 Unused Serialized files (Serialized files now loaded: 0)
Unloading 100 unused Assets / (4.2 MB). Loaded Objects now: 8067.
Memory consumption went from 353.5 MB to 349.2 MB.
Total: 3.818000 ms (FindLiveObjects: 0.400000 ms CreateObjectMapping: 0.103800 ms MarkObjects: 2.417000 ms  DeleteObjects: 0.896500 ms)

AssetImportParameters requested are different than current active one (requested -> active):
  custom:video-decoder-ogg-theora: a1e56fd34408186e4bbccfd4996cb3dc -> 
  custom:container-muxer-webm: aa71ff27fc2769a1b78a27578f13a17b -> 
  custom:container-demuxer-webm: 4f35f7cbe854078d1ac9338744f61a02 -> 
  custom:video-encoder-webm-vp8: eb34c28f22e8b96e1ab97ce403110664 -> 
  custom:video-codec-MediaFoundation-h265: 746d11721c4dcdbdad8f713fa42b33f4 -> 
  custom:audio-encoder-webm-vorbis: bf7c407c2cedff20999df2af8eb42d56 -> 
  custom:framework-win-MediaFoundation: 216162199b28c13a410421893ffa2e32 -> 
  custom:container-demuxer-ogg: 62fdf1f143b41e24485cea50d1cbac27 -> 
  custom:video-decoder-webm-vp8: 9c59270c3fd7afecdb556c50c9e8de78 -> 
  custom:audio-decoder-ogg-vorbis: bf7c407c2cedff20999df2af8eb42d56 -> 
========================================================================
Received Import Request.
  Time since last request: 27.741110 seconds.
  path: Assets/Assets/ModularBuilding/FInal/white_plaster_rough_01_diff_4k 1.png
  artifactKey: Guid(f317c9333e16417489ef068cb27c11c3) Importer(815301076,1909f56bfc062723c751e8b465ee728b)
Start importing Assets/Assets/ModularBuilding/FInal/white_plaster_rough_01_diff_4k 1.png using Guid(f317c9333e16417489ef068cb27c11c3) Importer(815301076,1909f56bfc062723c751e8b465ee728b)  -> (artifact id: '615b0383cafe93757a523c8a6dba2133') in 0.035667 seconds 
========================================================================
Received Import Request.
  Time since last request: 3.799587 seconds.
  path: Assets/Assets/ModularBuilding/FInal/Trim_BaseMap 1.png
  artifactKey: Guid(fc238d8d7ffe6bc41bd0a6f3203a9392) Importer(815301076,1909f56bfc062723c751e8b465ee728b)
Start importing Assets/Assets/ModularBuilding/FInal/Trim_BaseMap 1.png using Guid(fc238d8d7ffe6bc41bd0a6f3203a9392) Importer(815301076,1909f56bfc062723c751e8b465ee728b)  -> (artifact id: '73a2d459877a209aa48c0ffd1090e601') in 0.007196 seconds 
========================================================================
Received Import Request.
  Time since last request: 0.000015 seconds.
  path: Assets/Assets/ModularBuilding/FInal/white_plaster_rough_01_diff_4k 1.png
  artifactKey: Guid(f317c9333e16417489ef068cb27c11c3) Importer(815301076,1909f56bfc062723c751e8b465ee728b)
Start importing Assets/Assets/ModularBuilding/FInal/white_plaster_rough_01_diff_4k 1.png using Guid(f317c9333e16417489ef068cb27c11c3) Importer(815301076,1909f56bfc062723c751e8b465ee728b)  -> (artifact id: '322f4375e2d022da633d8779d0621e67') in 0.012675 seconds 
========================================================================
Received Prepare
Registering precompiled user dll's ...
Registered in 0.005297 seconds.
Begin MonoManager ReloadAssembly
Symbol file LoadedFromMemory doesn't match image C:\AGJ\AGJ\Library\PackageCache\com.unity.visualscripting@1.8.0\Editor\VisualScripting.Core\Dependencies\DotNetZip\Unity.VisualScripting.IonicZip.dll
Symbol file LoadedFromMemory doesn't match image C:\AGJ\AGJ\Library\PackageCache\com.unity.visualscripting@1.8.0\Editor\VisualScripting.Core\Dependencies\YamlDotNet\Unity.VisualScripting.YamlDotNet.dll
Native extension for WindowsStandalone target not found
Refreshing native plugins compatible for Editor in 1.19 ms, found 5 plugins.
Preloading 0 native plugins for Editor in 0.00 ms.
Mono: successfully reloaded assembly
- Completed reload, in  0.880 seconds
Domain Reload Profiling:
	ReloadAssembly (880ms)
		BeginReloadAssembly (111ms)
			ExecutionOrderSort (0ms)
			DisableScriptedObjects (4ms)
			BackupInstance (0ms)
			ReleaseScriptingObjects (0ms)
			CreateAndSetChildDomain (41ms)
		EndReloadAssembly (717ms)
			LoadAssemblies (61ms)
			RebuildTransferFunctionScriptingTraits (0ms)
			SetupTypeCache (193ms)
			ReleaseScriptCaches (2ms)
			RebuildScriptCaches (42ms)
			SetupLoadedEditorAssemblies (333ms)
				LogAssemblyErrors (0ms)
				InitializePlatformSupportModulesInManaged (3ms)
				SetLoadedEditorAssemblies (0ms)
				RefreshPlugins (1ms)
				BeforeProcessingInitializeOnLoad (57ms)
				ProcessInitializeOnLoadAttributes (250ms)
				ProcessInitializeOnLoadMethodAttributes (18ms)
				AfterProcessingInitializeOnLoad (4ms)
				EditorAssembliesLoaded (0ms)
			ExecutionOrderSort2 (0ms)
			AwakeInstancesAfterBackupRestoration (23ms)
Platform modules already initialized, skipping
Refreshing native plugins compatible for Editor in 6.15 ms, found 5 plugins.
Preloading 0 native plugins for Editor in 0.00 ms.
Unloading 7091 Unused Serialized files (Serialized files now loaded: 0)
Unloading 99 unused Assets / (4.2 MB). Loaded Objects now: 8082.
Memory consumption went from 353.3 MB to 349.1 MB.
Total: 4.390200 ms (FindLiveObjects: 0.417900 ms CreateObjectMapping: 0.108400 ms MarkObjects: 2.687800 ms  DeleteObjects: 1.175600 ms)

AssetImportParameters requested are different than current active one (requested -> active):
  custom:video-decoder-ogg-theora: a1e56fd34408186e4bbccfd4996cb3dc -> 
  custom:container-muxer-webm: aa71ff27fc2769a1b78a27578f13a17b -> 
  custom:container-demuxer-webm: 4f35f7cbe854078d1ac9338744f61a02 -> 
  custom:video-encoder-webm-vp8: eb34c28f22e8b96e1ab97ce403110664 -> 
  custom:video-codec-MediaFoundation-h265: 746d11721c4dcdbdad8f713fa42b33f4 -> 
  custom:audio-encoder-webm-vorbis: bf7c407c2cedff20999df2af8eb42d56 -> 
  custom:framework-win-MediaFoundation: 216162199b28c13a410421893ffa2e32 -> 
  custom:container-demuxer-ogg: 62fdf1f143b41e24485cea50d1cbac27 -> 
  custom:video-decoder-webm-vp8: 9c59270c3fd7afecdb556c50c9e8de78 -> 
  custom:audio-decoder-ogg-vorbis: bf7c407c2cedff20999df2af8eb42d56 -> 
========================================================================
Received Import Request.
  Time since last request: 78.308600 seconds.
  path: Assets/Assets/ModularBuilding/FInal/Ceiling.mat
  artifactKey: Guid(4b59452e5e3cd3248a25b7d0c523aead) Importer(815301076,1909f56bfc062723c751e8b465ee728b)
Start importing Assets/Assets/ModularBuilding/FInal/Ceiling.mat using Guid(4b59452e5e3cd3248a25b7d0c523aead) Importer(815301076,1909f56bfc062723c751e8b465ee728b)  -> (artifact id: '8e96c6db45552c92b83da96d076bc025') in 0.442584 seconds 
========================================================================
Received Import Request.
  Time since last request: 0.000026 seconds.
  path: Assets/Assets/ModularBuilding/FInal/Wall.mat
  artifactKey: Guid(594e06aca9279d64fad51c6cd3d7e9d7) Importer(815301076,1909f56bfc062723c751e8b465ee728b)
Start importing Assets/Assets/ModularBuilding/FInal/Wall.mat using Guid(594e06aca9279d64fad51c6cd3d7e9d7) Importer(815301076,1909f56bfc062723c751e8b465ee728b)  -> (artifact id: '7cd2c85a150206a1c983746bb6eb3140') in 0.308964 seconds 
